<?xml version="1.0" encoding="UTF-8"?>
<testsuite xmlns:xsi="http://www.w3.org/2001/XMLSchema-instance" xsi:noNamespaceSchemaLocation="https://maven.apache.org/surefire/maven-surefire-plugin/xsd/surefire-test-report-3.0.xsd" version="3.0" name="TestSuite" time="357.121" tests="80" errors="0" skipped="0" failures="0">
  <properties>
    <property name="sun.desktop" value="windows"/>
    <property name="awt.toolkit" value="sun.awt.windows.WToolkit"/>
    <property name="file.encoding.pkg" value="sun.io"/>
    <property name="java.specification.version" value="1.8"/>
    <property name="webdriver.chrome.driver" value="./Drivers//1.exe"/>
    <property name="sun.cpu.isalist" value="amd64"/>
    <property name="sun.jnu.encoding" value="Cp1252"/>
    <property name="java.class.path" value="C:\TestAutomation_Artemis\target\test-classes;C:\TestAutomation_Artemis\target\classes;C:\Users\vamse\.m2\repository\org\seleniumhq\selenium\selenium-java\3.141.59\selenium-java-3.141.59.jar;C:\Users\vamse\.m2\repository\org\seleniumhq\selenium\selenium-api\3.141.59\selenium-api-3.141.59.jar;C:\Users\vamse\.m2\repository\org\seleniumhq\selenium\selenium-chrome-driver\3.141.59\selenium-chrome-driver-3.141.59.jar;C:\Users\vamse\.m2\repository\org\seleniumhq\selenium\selenium-edge-driver\3.141.59\selenium-edge-driver-3.141.59.jar;C:\Users\vamse\.m2\repository\org\seleniumhq\selenium\selenium-firefox-driver\3.141.59\selenium-firefox-driver-3.141.59.jar;C:\Users\vamse\.m2\repository\org\seleniumhq\selenium\selenium-ie-driver\3.141.59\selenium-ie-driver-3.141.59.jar;C:\Users\vamse\.m2\repository\org\seleniumhq\selenium\selenium-opera-driver\3.141.59\selenium-opera-driver-3.141.59.jar;C:\Users\vamse\.m2\repository\org\seleniumhq\selenium\selenium-remote-driver\3.141.59\selenium-remote-driver-3.141.59.jar;C:\Users\vamse\.m2\repository\org\seleniumhq\selenium\selenium-safari-driver\3.141.59\selenium-safari-driver-3.141.59.jar;C:\Users\vamse\.m2\repository\org\seleniumhq\selenium\selenium-support\3.141.59\selenium-support-3.141.59.jar;C:\Users\vamse\.m2\repository\net\bytebuddy\byte-buddy\1.8.15\byte-buddy-1.8.15.jar;C:\Users\vamse\.m2\repository\org\apache\commons\commons-exec\1.3\commons-exec-1.3.jar;C:\Users\vamse\.m2\repository\com\google\guava\guava\25.0-jre\guava-25.0-jre.jar;C:\Users\vamse\.m2\repository\com\google\code\findbugs\jsr305\1.3.9\jsr305-1.3.9.jar;C:\Users\vamse\.m2\repository\org\checkerframework\checker-compat-qual\2.0.0\checker-compat-qual-2.0.0.jar;C:\Users\vamse\.m2\repository\com\google\errorprone\error_prone_annotations\2.1.3\error_prone_annotations-2.1.3.jar;C:\Users\vamse\.m2\repository\com\google\j2objc\j2objc-annotations\1.1\j2objc-annotations-1.1.jar;C:\Users\vamse\.m2\repository\org\codehaus\mojo\animal-sniffer-annotations\1.14\animal-sniffer-annotations-1.14.jar;C:\Users\vamse\.m2\repository\com\squareup\okhttp3\okhttp\3.11.0\okhttp-3.11.0.jar;C:\Users\vamse\.m2\repository\com\squareup\okio\okio\1.14.0\okio-1.14.0.jar;C:\Users\vamse\.m2\repository\org\testng\testng\7.1.0\testng-7.1.0.jar;C:\Users\vamse\.m2\repository\com\beust\jcommander\1.72\jcommander-1.72.jar;C:\Users\vamse\.m2\repository\com\google\inject\guice\4.1.0\guice-4.1.0-no_aop.jar;C:\Users\vamse\.m2\repository\javax\inject\javax.inject\1\javax.inject-1.jar;C:\Users\vamse\.m2\repository\aopalliance\aopalliance\1.0\aopalliance-1.0.jar;C:\Users\vamse\.m2\repository\org\yaml\snakeyaml\1.21\snakeyaml-1.21.jar;C:\Users\vamse\.m2\repository\com\aventstack\extentreports\3.1.5\extentreports-3.1.5.jar;C:\Users\vamse\.m2\repository\org\freemarker\freemarker\2.3.23\freemarker-2.3.23.jar;C:\Users\vamse\.m2\repository\org\mongodb\mongodb-driver\3.3.0\mongodb-driver-3.3.0.jar;C:\Users\vamse\.m2\repository\org\mongodb\bson\3.3.0\bson-3.3.0.jar;C:\Users\vamse\.m2\repository\org\mongodb\mongodb-driver-core\3.3.0\mongodb-driver-core-3.3.0.jar;C:\Users\vamse\.m2\repository\org\apache\httpcomponents\httpclient\4.5.2\httpclient-4.5.2.jar;C:\Users\vamse\.m2\repository\org\apache\httpcomponents\httpcore\4.4.4\httpcore-4.4.4.jar;C:\Users\vamse\.m2\repository\commons-logging\commons-logging\1.2\commons-logging-1.2.jar;C:\Users\vamse\.m2\repository\commons-codec\commons-codec\1.9\commons-codec-1.9.jar;C:\Users\vamse\.m2\repository\org\apache\httpcomponents\httpmime\4.5.2\httpmime-4.5.2.jar;C:\Users\vamse\.m2\repository\org\jsoup\jsoup\1.9.2\jsoup-1.9.2.jar;C:\Users\vamse\.m2\repository\com\google\code\gson\gson\2.8.0\gson-2.8.0.jar;C:\Users\vamse\.m2\repository\org\seleniumhq\selenium\selenium-server\3.141.59\selenium-server-3.141.59.jar;C:\Users\vamse\.m2\repository\net\jcip\jcip-annotations\1.0\jcip-annotations-1.0.jar;C:\Users\vamse\.m2\repository\org\seleniumhq\selenium\jetty-repacked\9.4.12.v20180830\jetty-repacked-9.4.12.v20180830.jar;C:\Users\vamse\.m2\repository\javax\servlet\javax.servlet-api\3.1.0\javax.servlet-api-3.1.0.jar;C:\Users\vamse\.m2\repository\org\apache\maven\plugins\maven-surefire-plugin\3.0.0-M5\maven-surefire-plugin-3.0.0-M5.jar;C:\Users\vamse\.m2\repository\org\apache\maven\surefire\maven-surefire-common\3.0.0-M5\maven-surefire-common-3.0.0-M5.jar;C:\Users\vamse\.m2\repository\org\apache\maven\surefire\surefire-api\3.0.0-M5\surefire-api-3.0.0-M5.jar;C:\Users\vamse\.m2\repository\org\apache\maven\surefire\surefire-logger-api\3.0.0-M5\surefire-logger-api-3.0.0-M5.jar;C:\Users\vamse\.m2\repository\org\apache\maven\surefire\surefire-extensions-api\3.0.0-M5\surefire-extensions-api-3.0.0-M5.jar;C:\Users\vamse\.m2\repository\org\apache\maven\surefire\surefire-booter\3.0.0-M5\surefire-booter-3.0.0-M5.jar;C:\Users\vamse\.m2\repository\org\apache\maven\surefire\surefire-extensions-spi\3.0.0-M5\surefire-extensions-spi-3.0.0-M5.jar;C:\Users\vamse\.m2\repository\org\apache\maven\maven-toolchain\3.0-alpha-2\maven-toolchain-3.0-alpha-2.jar;C:\Users\vamse\.m2\repository\org\apache\maven\shared\maven-artifact-transfer\0.11.0\maven-artifact-transfer-0.11.0.jar;C:\Users\vamse\.m2\repository\org\apache\maven\shared\maven-common-artifact-filters\3.0.1\maven-common-artifact-filters-3.0.1.jar;C:\Users\vamse\.m2\repository\org\apache\maven\surefire\surefire-shared-utils\3.0.0-M4\surefire-shared-utils-3.0.0-M4.jar;C:\Users\vamse\.m2\repository\org\apache\maven\plugins\maven-compiler-plugin\3.7.0\maven-compiler-plugin-3.7.0.jar;C:\Users\vamse\.m2\repository\org\apache\maven\maven-plugin-api\3.0\maven-plugin-api-3.0.jar;C:\Users\vamse\.m2\repository\org\apache\maven\maven-model\3.0\maven-model-3.0.jar;C:\Users\vamse\.m2\repository\org\sonatype\sisu\sisu-inject-plexus\1.4.2\sisu-inject-plexus-1.4.2.jar;C:\Users\vamse\.m2\repository\org\sonatype\sisu\sisu-inject-bean\1.4.2\sisu-inject-bean-1.4.2.jar;C:\Users\vamse\.m2\repository\org\sonatype\sisu\sisu-guice\2.1.7\sisu-guice-2.1.7-noaop.jar;C:\Users\vamse\.m2\repository\org\apache\maven\maven-artifact\3.0\maven-artifact-3.0.jar;C:\Users\vamse\.m2\repository\org\codehaus\plexus\plexus-utils\2.0.4\plexus-utils-2.0.4.jar;C:\Users\vamse\.m2\repository\org\apache\maven\maven-core\3.0\maven-core-3.0.jar;C:\Users\vamse\.m2\repository\org\apache\maven\maven-settings\3.0\maven-settings-3.0.jar;C:\Users\vamse\.m2\repository\org\apache\maven\maven-settings-builder\3.0\maven-settings-builder-3.0.jar;C:\Users\vamse\.m2\repository\org\apache\maven\maven-repository-metadata\3.0\maven-repository-metadata-3.0.jar;C:\Users\vamse\.m2\repository\org\apache\maven\maven-model-builder\3.0\maven-model-builder-3.0.jar;C:\Users\vamse\.m2\repository\org\apache\maven\maven-aether-provider\3.0\maven-aether-provider-3.0.jar;C:\Users\vamse\.m2\repository\org\sonatype\aether\aether-impl\1.7\aether-impl-1.7.jar;C:\Users\vamse\.m2\repository\org\sonatype\aether\aether-spi\1.7\aether-spi-1.7.jar;C:\Users\vamse\.m2\repository\org\sonatype\aether\aether-api\1.7\aether-api-1.7.jar;C:\Users\vamse\.m2\repository\org\sonatype\aether\aether-util\1.7\aether-util-1.7.jar;C:\Users\vamse\.m2\repository\org\codehaus\plexus\plexus-interpolation\1.14\plexus-interpolation-1.14.jar;C:\Users\vamse\.m2\repository\org\codehaus\plexus\plexus-classworlds\2.2.3\plexus-classworlds-2.2.3.jar;C:\Users\vamse\.m2\repository\org\codehaus\plexus\plexus-component-annotations\1.5.5\plexus-component-annotations-1.5.5.jar;C:\Users\vamse\.m2\repository\org\sonatype\plexus\plexus-sec-dispatcher\1.3\plexus-sec-dispatcher-1.3.jar;C:\Users\vamse\.m2\repository\org\sonatype\plexus\plexus-cipher\1.4\plexus-cipher-1.4.jar;C:\Users\vamse\.m2\repository\org\apache\maven\shared\maven-shared-utils\3.1.0\maven-shared-utils-3.1.0.jar;C:\Users\vamse\.m2\repository\commons-io\commons-io\2.5\commons-io-2.5.jar;C:\Users\vamse\.m2\repository\org\apache\maven\shared\maven-shared-incremental\1.1\maven-shared-incremental-1.1.jar;C:\Users\vamse\.m2\repository\org\codehaus\plexus\plexus-java\0.9.2\plexus-java-0.9.2.jar;C:\Users\vamse\.m2\repository\org\ow2\asm\asm\6.0_BETA\asm-6.0_BETA.jar;C:\Users\vamse\.m2\repository\com\thoughtworks\qdox\qdox\2.0-M7\qdox-2.0-M7.jar;C:\Users\vamse\.m2\repository\org\codehaus\plexus\plexus-compiler-api\2.8.2\plexus-compiler-api-2.8.2.jar;C:\Users\vamse\.m2\repository\org\codehaus\plexus\plexus-compiler-manager\2.8.2\plexus-compiler-manager-2.8.2.jar;C:\Users\vamse\.m2\repository\org\codehaus\plexus\plexus-compiler-javac\2.8.2\plexus-compiler-javac-2.8.2.jar;"/>
    <property name="java.vm.vendor" value="Oracle Corporation"/>
    <property name="sun.arch.data.model" value="64"/>
    <property name="user.variant" value=""/>
    <property name="java.vendor.url" value="http://java.oracle.com/"/>
    <property name="user.timezone" value="Asia/Calcutta"/>
    <property name="java.vm.specification.version" value="1.8"/>
    <property name="os.name" value="Windows 10"/>
    <property name="user.country" value="IN"/>
    <property name="sun.java.launcher" value="SUN_STANDARD"/>
    <property name="sun.boot.library.path" value="C:\Program Files\Java\jdk1.8.0_301\jre\bin"/>
    <property name="sun.java.command" value="C:\Users\vamse\AppData\Local\Temp\surefire3368240617188862248\surefirebooter9220597321908642911.jar C:\Users\vamse\AppData\Local\Temp\surefire3368240617188862248 2022-03-20T10-19-26_292-jvmRun1 surefire2175294181221569171tmp surefire_07903754480281036263tmp"/>
    <property name="surefire.test.class.path" value="C:\TestAutomation_Artemis\target\test-classes;C:\TestAutomation_Artemis\target\classes;C:\Users\vamse\.m2\repository\org\seleniumhq\selenium\selenium-java\3.141.59\selenium-java-3.141.59.jar;C:\Users\vamse\.m2\repository\org\seleniumhq\selenium\selenium-api\3.141.59\selenium-api-3.141.59.jar;C:\Users\vamse\.m2\repository\org\seleniumhq\selenium\selenium-chrome-driver\3.141.59\selenium-chrome-driver-3.141.59.jar;C:\Users\vamse\.m2\repository\org\seleniumhq\selenium\selenium-edge-driver\3.141.59\selenium-edge-driver-3.141.59.jar;C:\Users\vamse\.m2\repository\org\seleniumhq\selenium\selenium-firefox-driver\3.141.59\selenium-firefox-driver-3.141.59.jar;C:\Users\vamse\.m2\repository\org\seleniumhq\selenium\selenium-ie-driver\3.141.59\selenium-ie-driver-3.141.59.jar;C:\Users\vamse\.m2\repository\org\seleniumhq\selenium\selenium-opera-driver\3.141.59\selenium-opera-driver-3.141.59.jar;C:\Users\vamse\.m2\repository\org\seleniumhq\selenium\selenium-remote-driver\3.141.59\selenium-remote-driver-3.141.59.jar;C:\Users\vamse\.m2\repository\org\seleniumhq\selenium\selenium-safari-driver\3.141.59\selenium-safari-driver-3.141.59.jar;C:\Users\vamse\.m2\repository\org\seleniumhq\selenium\selenium-support\3.141.59\selenium-support-3.141.59.jar;C:\Users\vamse\.m2\repository\net\bytebuddy\byte-buddy\1.8.15\byte-buddy-1.8.15.jar;C:\Users\vamse\.m2\repository\org\apache\commons\commons-exec\1.3\commons-exec-1.3.jar;C:\Users\vamse\.m2\repository\com\google\guava\guava\25.0-jre\guava-25.0-jre.jar;C:\Users\vamse\.m2\repository\com\google\code\findbugs\jsr305\1.3.9\jsr305-1.3.9.jar;C:\Users\vamse\.m2\repository\org\checkerframework\checker-compat-qual\2.0.0\checker-compat-qual-2.0.0.jar;C:\Users\vamse\.m2\repository\com\google\errorprone\error_prone_annotations\2.1.3\error_prone_annotations-2.1.3.jar;C:\Users\vamse\.m2\repository\com\google\j2objc\j2objc-annotations\1.1\j2objc-annotations-1.1.jar;C:\Users\vamse\.m2\repository\org\codehaus\mojo\animal-sniffer-annotations\1.14\animal-sniffer-annotations-1.14.jar;C:\Users\vamse\.m2\repository\com\squareup\okhttp3\okhttp\3.11.0\okhttp-3.11.0.jar;C:\Users\vamse\.m2\repository\com\squareup\okio\okio\1.14.0\okio-1.14.0.jar;C:\Users\vamse\.m2\repository\org\testng\testng\7.1.0\testng-7.1.0.jar;C:\Users\vamse\.m2\repository\com\beust\jcommander\1.72\jcommander-1.72.jar;C:\Users\vamse\.m2\repository\com\google\inject\guice\4.1.0\guice-4.1.0-no_aop.jar;C:\Users\vamse\.m2\repository\javax\inject\javax.inject\1\javax.inject-1.jar;C:\Users\vamse\.m2\repository\aopalliance\aopalliance\1.0\aopalliance-1.0.jar;C:\Users\vamse\.m2\repository\org\yaml\snakeyaml\1.21\snakeyaml-1.21.jar;C:\Users\vamse\.m2\repository\com\aventstack\extentreports\3.1.5\extentreports-3.1.5.jar;C:\Users\vamse\.m2\repository\org\freemarker\freemarker\2.3.23\freemarker-2.3.23.jar;C:\Users\vamse\.m2\repository\org\mongodb\mongodb-driver\3.3.0\mongodb-driver-3.3.0.jar;C:\Users\vamse\.m2\repository\org\mongodb\bson\3.3.0\bson-3.3.0.jar;C:\Users\vamse\.m2\repository\org\mongodb\mongodb-driver-core\3.3.0\mongodb-driver-core-3.3.0.jar;C:\Users\vamse\.m2\repository\org\apache\httpcomponents\httpclient\4.5.2\httpclient-4.5.2.jar;C:\Users\vamse\.m2\repository\org\apache\httpcomponents\httpcore\4.4.4\httpcore-4.4.4.jar;C:\Users\vamse\.m2\repository\commons-logging\commons-logging\1.2\commons-logging-1.2.jar;C:\Users\vamse\.m2\repository\commons-codec\commons-codec\1.9\commons-codec-1.9.jar;C:\Users\vamse\.m2\repository\org\apache\httpcomponents\httpmime\4.5.2\httpmime-4.5.2.jar;C:\Users\vamse\.m2\repository\org\jsoup\jsoup\1.9.2\jsoup-1.9.2.jar;C:\Users\vamse\.m2\repository\com\google\code\gson\gson\2.8.0\gson-2.8.0.jar;C:\Users\vamse\.m2\repository\org\seleniumhq\selenium\selenium-server\3.141.59\selenium-server-3.141.59.jar;C:\Users\vamse\.m2\repository\net\jcip\jcip-annotations\1.0\jcip-annotations-1.0.jar;C:\Users\vamse\.m2\repository\org\seleniumhq\selenium\jetty-repacked\9.4.12.v20180830\jetty-repacked-9.4.12.v20180830.jar;C:\Users\vamse\.m2\repository\javax\servlet\javax.servlet-api\3.1.0\javax.servlet-api-3.1.0.jar;C:\Users\vamse\.m2\repository\org\apache\maven\plugins\maven-surefire-plugin\3.0.0-M5\maven-surefire-plugin-3.0.0-M5.jar;C:\Users\vamse\.m2\repository\org\apache\maven\surefire\maven-surefire-common\3.0.0-M5\maven-surefire-common-3.0.0-M5.jar;C:\Users\vamse\.m2\repository\org\apache\maven\surefire\surefire-api\3.0.0-M5\surefire-api-3.0.0-M5.jar;C:\Users\vamse\.m2\repository\org\apache\maven\surefire\surefire-logger-api\3.0.0-M5\surefire-logger-api-3.0.0-M5.jar;C:\Users\vamse\.m2\repository\org\apache\maven\surefire\surefire-extensions-api\3.0.0-M5\surefire-extensions-api-3.0.0-M5.jar;C:\Users\vamse\.m2\repository\org\apache\maven\surefire\surefire-booter\3.0.0-M5\surefire-booter-3.0.0-M5.jar;C:\Users\vamse\.m2\repository\org\apache\maven\surefire\surefire-extensions-spi\3.0.0-M5\surefire-extensions-spi-3.0.0-M5.jar;C:\Users\vamse\.m2\repository\org\apache\maven\maven-toolchain\3.0-alpha-2\maven-toolchain-3.0-alpha-2.jar;C:\Users\vamse\.m2\repository\org\apache\maven\shared\maven-artifact-transfer\0.11.0\maven-artifact-transfer-0.11.0.jar;C:\Users\vamse\.m2\repository\org\apache\maven\shared\maven-common-artifact-filters\3.0.1\maven-common-artifact-filters-3.0.1.jar;C:\Users\vamse\.m2\repository\org\apache\maven\surefire\surefire-shared-utils\3.0.0-M4\surefire-shared-utils-3.0.0-M4.jar;C:\Users\vamse\.m2\repository\org\apache\maven\plugins\maven-compiler-plugin\3.7.0\maven-compiler-plugin-3.7.0.jar;C:\Users\vamse\.m2\repository\org\apache\maven\maven-plugin-api\3.0\maven-plugin-api-3.0.jar;C:\Users\vamse\.m2\repository\org\apache\maven\maven-model\3.0\maven-model-3.0.jar;C:\Users\vamse\.m2\repository\org\sonatype\sisu\sisu-inject-plexus\1.4.2\sisu-inject-plexus-1.4.2.jar;C:\Users\vamse\.m2\repository\org\sonatype\sisu\sisu-inject-bean\1.4.2\sisu-inject-bean-1.4.2.jar;C:\Users\vamse\.m2\repository\org\sonatype\sisu\sisu-guice\2.1.7\sisu-guice-2.1.7-noaop.jar;C:\Users\vamse\.m2\repository\org\apache\maven\maven-artifact\3.0\maven-artifact-3.0.jar;C:\Users\vamse\.m2\repository\org\codehaus\plexus\plexus-utils\2.0.4\plexus-utils-2.0.4.jar;C:\Users\vamse\.m2\repository\org\apache\maven\maven-core\3.0\maven-core-3.0.jar;C:\Users\vamse\.m2\repository\org\apache\maven\maven-settings\3.0\maven-settings-3.0.jar;C:\Users\vamse\.m2\repository\org\apache\maven\maven-settings-builder\3.0\maven-settings-builder-3.0.jar;C:\Users\vamse\.m2\repository\org\apache\maven\maven-repository-metadata\3.0\maven-repository-metadata-3.0.jar;C:\Users\vamse\.m2\repository\org\apache\maven\maven-model-builder\3.0\maven-model-builder-3.0.jar;C:\Users\vamse\.m2\repository\org\apache\maven\maven-aether-provider\3.0\maven-aether-provider-3.0.jar;C:\Users\vamse\.m2\repository\org\sonatype\aether\aether-impl\1.7\aether-impl-1.7.jar;C:\Users\vamse\.m2\repository\org\sonatype\aether\aether-spi\1.7\aether-spi-1.7.jar;C:\Users\vamse\.m2\repository\org\sonatype\aether\aether-api\1.7\aether-api-1.7.jar;C:\Users\vamse\.m2\repository\org\sonatype\aether\aether-util\1.7\aether-util-1.7.jar;C:\Users\vamse\.m2\repository\org\codehaus\plexus\plexus-interpolation\1.14\plexus-interpolation-1.14.jar;C:\Users\vamse\.m2\repository\org\codehaus\plexus\plexus-classworlds\2.2.3\plexus-classworlds-2.2.3.jar;C:\Users\vamse\.m2\repository\org\codehaus\plexus\plexus-component-annotations\1.5.5\plexus-component-annotations-1.5.5.jar;C:\Users\vamse\.m2\repository\org\sonatype\plexus\plexus-sec-dispatcher\1.3\plexus-sec-dispatcher-1.3.jar;C:\Users\vamse\.m2\repository\org\sonatype\plexus\plexus-cipher\1.4\plexus-cipher-1.4.jar;C:\Users\vamse\.m2\repository\org\apache\maven\shared\maven-shared-utils\3.1.0\maven-shared-utils-3.1.0.jar;C:\Users\vamse\.m2\repository\commons-io\commons-io\2.5\commons-io-2.5.jar;C:\Users\vamse\.m2\repository\org\apache\maven\shared\maven-shared-incremental\1.1\maven-shared-incremental-1.1.jar;C:\Users\vamse\.m2\repository\org\codehaus\plexus\plexus-java\0.9.2\plexus-java-0.9.2.jar;C:\Users\vamse\.m2\repository\org\ow2\asm\asm\6.0_BETA\asm-6.0_BETA.jar;C:\Users\vamse\.m2\repository\com\thoughtworks\qdox\qdox\2.0-M7\qdox-2.0-M7.jar;C:\Users\vamse\.m2\repository\org\codehaus\plexus\plexus-compiler-api\2.8.2\plexus-compiler-api-2.8.2.jar;C:\Users\vamse\.m2\repository\org\codehaus\plexus\plexus-compiler-manager\2.8.2\plexus-compiler-manager-2.8.2.jar;C:\Users\vamse\.m2\repository\org\codehaus\plexus\plexus-compiler-javac\2.8.2\plexus-compiler-javac-2.8.2.jar;"/>
    <property name="sun.cpu.endian" value="little"/>
    <property name="user.home" value="C:\Users\vamse"/>
    <property name="user.language" value="en"/>
    <property name="java.specification.vendor" value="Oracle Corporation"/>
    <property name="java.home" value="C:\Program Files\Java\jdk1.8.0_301\jre"/>
    <property name="basedir" value="C:\TestAutomation_Artemis"/>
    <property name="file.separator" value="\"/>
    <property name="line.separator" value="&#10;"/>
    <property name="java.vm.specification.vendor" value="Oracle Corporation"/>
    <property name="java.specification.name" value="Java Platform API Specification"/>
    <property name="java.awt.graphicsenv" value="sun.awt.Win32GraphicsEnvironment"/>
    <property name="surefire.real.class.path" value="C:\Users\vamse\AppData\Local\Temp\surefire3368240617188862248\surefirebooter9220597321908642911.jar"/>
    <property name="sun.boot.class.path" value="C:\Program Files\Java\jdk1.8.0_301\jre\lib\resources.jar;C:\Program Files\Java\jdk1.8.0_301\jre\lib\rt.jar;C:\Program Files\Java\jdk1.8.0_301\jre\lib\sunrsasign.jar;C:\Program Files\Java\jdk1.8.0_301\jre\lib\jsse.jar;C:\Program Files\Java\jdk1.8.0_301\jre\lib\jce.jar;C:\Program Files\Java\jdk1.8.0_301\jre\lib\charsets.jar;C:\Program Files\Java\jdk1.8.0_301\jre\lib\jfr.jar;C:\Program Files\Java\jdk1.8.0_301\jre\classes"/>
    <property name="user.script" value=""/>
    <property name="sun.management.compiler" value="HotSpot 64-Bit Tiered Compilers"/>
    <property name="java.runtime.version" value="1.8.0_301-b09"/>
    <property name="user.name" value="vamse"/>
    <property name="path.separator" value=";"/>
    <property name="os.version" value="10.0"/>
    <property name="java.endorsed.dirs" value="C:\Program Files\Java\jdk1.8.0_301\jre\lib\endorsed"/>
    <property name="java.runtime.name" value="Java(TM) SE Runtime Environment"/>
    <property name="file.encoding" value="Cp1252"/>
    <property name="java.vm.name" value="Java HotSpot(TM) 64-Bit Server VM"/>
    <property name="localRepository" value="C:\Users\vamse\.m2\repository"/>
    <property name="java.vendor.url.bug" value="http://bugreport.sun.com/bugreport/"/>
    <property name="java.io.tmpdir" value="C:\Users\vamse\AppData\Local\Temp\"/>
    <property name="idea.version" value="2021.3.2"/>
    <property name="java.version" value="1.8.0_301"/>
    <property name="user.dir" value="C:\TestAutomation_Artemis"/>
    <property name="os.arch" value="amd64"/>
    <property name="java.vm.specification.name" value="Java Virtual Machine Specification"/>
    <property name="java.awt.printerjob" value="sun.awt.windows.WPrinterJob"/>
    <property name="sun.os.patch.level" value=""/>
    <property name="java.library.path" value="C:\Program Files\Java\jdk1.8.0_301\jre\bin;C:\WINDOWS\Sun\Java\bin;C:\WINDOWS\system32;C:\WINDOWS;C:\Program Files\Common Files\Oracle\Java\javapath;C:\Program Files\Java\jdk1.8.0_301\bin;C:\Program Files (x86)\Common Files\Oracle\Java\javapath;C:\WINDOWS\system32;C:\WINDOWS;C:\WINDOWS\System32\Wbem;C:\WINDOWS\System32\WindowsPowerShell\v1.0\;C:\WINDOWS\System32\OpenSSH\;C:\apache-maven-3.8.3-bin\apache-maven-3.8.3\bin;C:\Program Files\dotnet\;C:\Program Files\Git\cmd;C:\Program Files\MySQL\MySQL Shell 8.0\bin\;C:\Users\vamse\AppData\Local\Microsoft\WindowsApps;C:\apache-maven-3.8.3-bin.zip;C:\Program Files\TestProject Agent;C:\Program Files\JetBrains\IntelliJ IDEA Community Edition 2021.3.2\bin;;C:\Program Files\JetBrains\PyCharm Community Edition 2021.3.1\bin;;C:\Users\vamse\AppData\Local\GitHubDesktop\bin;."/>
    <property name="java.vm.info" value="mixed mode"/>
    <property name="java.vendor" value="Oracle Corporation"/>
    <property name="java.vm.version" value="25.301-b09"/>
    <property name="java.ext.dirs" value="C:\Program Files\Java\jdk1.8.0_301\jre\lib\ext;C:\WINDOWS\Sun\Java\lib\ext"/>
    <property name="sun.io.unicode.encoding" value="UnicodeLittle"/>
    <property name="java.class.version" value="52.0"/>
  </properties>
  <testcase name="Login_HomePage" classname="Login.Login_Test" time="0.019">
    <system-out><![CDATA[[TestNGContentHandler] [WARN] It is strongly recommended to add "<!DOCTYPE suite SYSTEM "https://testng.org/testng-1.0.dtd" >" at the top of your file, otherwise TestNG may fail or not work as expected.
The title of Login page is Artemis Accounts Portal
]]></system-out>
    <system-err><![CDATA[Starting ChromeDriver 98.0.4758.80 (7f0488e8ba0d8e019187c6325a16c29d9b7f4989-refs/branch-heads/4758@{#972}) on port 15615
Only local connections are allowed.
Please see https://chromedriver.chromium.org/security-considerations for suggestions on keeping ChromeDriver safe.
ChromeDriver was started successfully.
[1647751769.283][WARNING]: This version of ChromeDriver has not been tested with Chrome version 99.
Mar 20, 2022 10:19:29 AM org.openqa.selenium.remote.ProtocolHandshake createSession
INFO: Detected dialect: W3C
Starting ChromeDriver 98.0.4758.80 (7f0488e8ba0d8e019187c6325a16c29d9b7f4989-refs/branch-heads/4758@{#972}) on port 2232
Only local connections are allowed.
Please see https://chromedriver.chromium.org/security-considerations for suggestions on keeping ChromeDriver safe.
ChromeDriver was started successfully.
[1647751772.723][WARNING]: This version of ChromeDriver has not been tested with Chrome version 99.
Mar 20, 2022 10:19:32 AM org.openqa.selenium.remote.ProtocolHandshake createSession
INFO: Detected dialect: W3C
]]></system-err>
  </testcase>
  <testcase name="LogintoApp" classname="Login.Login_Test" time="6.574"/>
  <testcase name="Loginsuccesful" classname="Login.Login_Test" time="0.006">
    <system-out><![CDATA[Artemis Accounts Portal
]]></system-out>
  </testcase>
  <testcase name="EnterWrongemailid" classname="Login.LoginInvalidAndForgotPassword" time="5.244">
    <system-err><![CDATA[Starting ChromeDriver 98.0.4758.80 (7f0488e8ba0d8e019187c6325a16c29d9b7f4989-refs/branch-heads/4758@{#972}) on port 27277
Only local connections are allowed.
Please see https://chromedriver.chromium.org/security-considerations for suggestions on keeping ChromeDriver safe.
ChromeDriver was started successfully.
[1647751782.792][WARNING]: This version of ChromeDriver has not been tested with Chrome version 99.
Mar 20, 2022 10:19:42 AM org.openqa.selenium.remote.ProtocolHandshake createSession
INFO: Detected dialect: W3C
]]></system-err>
  </testcase>
  <testcase name="wrongpassword" classname="Login.LoginInvalidAndForgotPassword" time="9.392"/>
  <testcase name="LaunchURL" classname="Login.LoginInvalidAndForgotPassword" time="0.633"/>
  <testcase name="checklabelsinLoginPage" classname="Login.LoginInvalidAndForgotPassword" time="0.006">
    <system-out><![CDATA[Artemis Accounts Portal
]]></system-out>
  </testcase>
  <testcase name="navigatetoforgotpasswordpage" classname="Login.LoginInvalidAndForgotPassword" time="8.266"/>
  <testcase name="CheckForgotpasswordlink_exists" classname="Login.LoginInvalidAndForgotPassword" time="0.027">
    <system-out><![CDATA[The forgotpassword link displayed as  Forgot Password?
]]></system-out>
  </testcase>
  <testcase name="ClickForgotpasswordlink" classname="Login.LoginInvalidAndForgotPassword" time="6.069"/>
  <testcase name="userinputemail" classname="Login.LoginInvalidAndForgotPassword" time="5.197"/>
  <testcase name="recoveryhelptext" classname="Login.LoginInvalidAndForgotPassword" time="0.035">
    <system-out><![CDATA[Please fill your email below to receive the reset instruction.
]]></system-out>
  </testcase>
  <testcase name="clickcontinuelogin" classname="Login.LoginInvalidAndForgotPassword" time="5.11"/>
  <testcase name="fetchprojecttitle" classname="Projects.ProjectProperties" time="19.658">
    <system-out><![CDATA[Project123
]]></system-out>
    <system-err><![CDATA[Starting ChromeDriver 98.0.4758.80 (7f0488e8ba0d8e019187c6325a16c29d9b7f4989-refs/branch-heads/4758@{#972}) on port 29061
Only local connections are allowed.
Please see https://chromedriver.chromium.org/security-considerations for suggestions on keeping ChromeDriver safe.
ChromeDriver was started successfully.
[1647751826.303][WARNING]: This version of ChromeDriver has not been tested with Chrome version 99.
Mar 20, 2022 10:20:26 AM org.openqa.selenium.remote.ProtocolHandshake createSession
INFO: Detected dialect: W3C
]]></system-err>
  </testcase>
  <testcase name="ClickProject" classname="Projects.ProjectProperties" time="0.109">
    <system-out><![CDATA[https://staging.artemis.im/projects
]]></system-out>
  </testcase>
  <testcase name="getProjectClassification" classname="Projects.ProjectProperties" time="0.403">
    <system-out><![CDATA[The project access is Public
]]></system-out>
  </testcase>
  <testcase name="getProjectDetailsContent" classname="Projects.ProjectProperties" time="5.118">
    <system-out><![CDATA[Strengthen the prevention and treatment of substance abuse, including narcotic drug abuse and harmful use of alcohol
]]></system-out>
  </testcase>
  <testcase name="closeProjectDetailsContent" classname="Projects.ProjectProperties" time="0.06"/>
  <testcase name="ClickStrategyTab" classname="Projects.ProjectProperties" time="0.088">
    <system-out><![CDATA[The tab name is Strategy
]]></system-out>
  </testcase>
  <testcase name="gettitleofpage" classname="Projects.ProjectProperties" time="0.006">
    <system-out><![CDATA[The page title is  Artemis Organizer - Project123
]]></system-out>
  </testcase>
  <testcase name="ClickCreateStragey" classname="Projects.ProjectProperties" time="5.173">
    <system-out><![CDATA[The tab name is 
]]></system-out>
  </testcase>
  <testcase name="verifyCreateStrategypopupDetails" classname="Projects.ProjectProperties" time="0.042">
    <system-out><![CDATA[Create strategy
]]></system-out>
  </testcase>
  <testcase name="HelpTextofCreateStrategy" classname="Projects.ProjectProperties" time="0.031">
    <system-out><![CDATA[
]]></system-out>
  </testcase>
  <testcase name="VerifyHelpText" classname="Projects.ProjectProperties" time="0.042">
    <system-out><![CDATA[The help text displayed as  Briefly describe the problem you are trying to solve and its root cause. To learn how to write a problem statement, check
]]></system-out>
  </testcase>
  <testcase name="TitleLabel_exists" classname="Projects.ProjectProperties" time="0.036">
    <system-out><![CDATA[Title
]]></system-out>
  </testcase>
  <testcase name="ProblemStatement_exists" classname="Projects.ProjectProperties" time="5.048">
    <system-out><![CDATA[Problem Statement
]]></system-out>
  </testcase>
  <testcase name="enterTitleofStrategy" classname="Projects.ProjectProperties" time="0.105"/>
  <testcase name="enterProblemStatements" classname="Projects.ProjectProperties" time="5.133"/>
  <testcase name="ClickCreateStargeyDoneButton" classname="Projects.ProjectProperties" time="5.094"/>
  <testcase name="DeleteStargeyMenu" classname="Projects.ProjectProperties" time="7.319"/>
  <testcase name="DeleteStragey" classname="Projects.ProjectProperties" time="4.106"/>
  <testcase name="DeleteConfirmmessage" classname="Projects.ProjectProperties" time="5.028">
    <system-out><![CDATA[Are you sure?
]]></system-out>
  </testcase>
  <testcase name="Deleteaction" classname="Projects.ProjectProperties" time="7.069"/>
  <testcase name="NavigatetoProjectDetailsPage" classname="Forms.FormsProperties" time="29.713">
    <system-err><![CDATA[Starting ChromeDriver 98.0.4758.80 (7f0488e8ba0d8e019187c6325a16c29d9b7f4989-refs/branch-heads/4758@{#972}) on port 12766
Only local connections are allowed.
Please see https://chromedriver.chromium.org/security-considerations for suggestions on keeping ChromeDriver safe.
ChromeDriver was started successfully.
[1647751899.950][WARNING]: This version of ChromeDriver has not been tested with Chrome version 99.
Mar 20, 2022 10:21:39 AM org.openqa.selenium.remote.ProtocolHandshake createSession
INFO: Detected dialect: W3C
]]></system-err>
  </testcase>
  <testcase name="NavigatetoFormsTab" classname="Forms.FormsProperties" time="0.119">
    <system-out><![CDATA[The redirected url of forms is  https://staging.artemis.im/projects/d1d67b77-310c-4583-a4f2-5a1d9442d070#surveys
]]></system-out>
  </testcase>
  <testcase name="formspagetitle" classname="Forms.FormsProperties" time="0.032">
    <system-out><![CDATA[Forms
]]></system-out>
  </testcase>
  <testcase name="createforms" classname="Forms.FormsProperties" time="8.142"/>
  <testcase name="redirectedurl" classname="Forms.FormsProperties" time="0.005">
    <system-out><![CDATA[https://staging.artemis.im/surveys/e374929a-9142-4378-9a17-dc11aca056f8/edit?is_new=true
]]></system-out>
  </testcase>
  <testcase name="formstitle" classname="Forms.FormsProperties" time="0.031">
    <system-out><![CDATA[Forms created page title is Form Creation
]]></system-out>
  </testcase>
  <testcase name="formtitle" classname="Forms.FormsProperties" time="5.151"/>
  <testcase name="createQuestion1" classname="Forms.FormsProperties" time="5.223"/>
  <testcase name="PublishForm" classname="Forms.FormsProperties" time="5.124"/>
  <testcase name="NavigatetoProjectBoard" classname="Projects.editproject" time="17.613">
    <system-out><![CDATA[Project1
]]></system-out>
    <system-err><![CDATA[Starting ChromeDriver 98.0.4758.80 (7f0488e8ba0d8e019187c6325a16c29d9b7f4989-refs/branch-heads/4758@{#972}) on port 5032
Only local connections are allowed.
Please see https://chromedriver.chromium.org/security-considerations for suggestions on keeping ChromeDriver safe.
ChromeDriver was started successfully.
[1647751957.803][WARNING]: This version of ChromeDriver has not been tested with Chrome version 99.
Mar 20, 2022 10:22:37 AM org.openqa.selenium.remote.ProtocolHandshake createSession
INFO: Detected dialect: W3C
]]></system-err>
  </testcase>
  <testcase name="fetchProjectaccess" classname="Projects.editproject" time="0.025">
    <system-out><![CDATA[The project current access policy is  Public
]]></system-out>
  </testcase>
  <testcase name="checkProjectState" classname="Projects.editproject" time="5.029">
    <system-out><![CDATA[The project state is Published
]]></system-out>
  </testcase>
  <testcase name="clickProjectHamburgicon" classname="Projects.editproject" time="8.087"/>
  <testcase name="ClickEditProject" classname="Projects.editproject" time="8.186"/>
  <testcase name="VerifyTitleofeditproject" classname="Projects.editproject" time="6.043">
    <system-out><![CDATA[The title of pop up is  Edit Project
]]></system-out>
  </testcase>
  <testcase name="edittitleofproject" classname="Projects.editproject" time="13.227"/>
  <testcase name="clickCancelButton" classname="Projects.editproject" time="8.098"/>
  <testcase name="LaunchURL" classname="Onboardingnewclient.OnBoardingArtemis" time="2.076">
    <system-err><![CDATA[Starting ChromeDriver 98.0.4758.80 (7f0488e8ba0d8e019187c6325a16c29d9b7f4989-refs/branch-heads/4758@{#972}) on port 27974
Only local connections are allowed.
Please see https://chromedriver.chromium.org/security-considerations for suggestions on keeping ChromeDriver safe.
ChromeDriver was started successfully.
[1647752028.027][WARNING]: This version of ChromeDriver has not been tested with Chrome version 99.
Mar 20, 2022 10:23:48 AM org.openqa.selenium.remote.ProtocolHandshake createSession
INFO: Detected dialect: W3C
Starting ChromeDriver 98.0.4758.80 (7f0488e8ba0d8e019187c6325a16c29d9b7f4989-refs/branch-heads/4758@{#972}) on port 42175
Only local connections are allowed.
Please see https://chromedriver.chromium.org/security-considerations for suggestions on keeping ChromeDriver safe.
ChromeDriver was started successfully.
[1647752030.438][WARNING]: This version of ChromeDriver has not been tested with Chrome version 99.
Mar 20, 2022 10:23:50 AM org.openqa.selenium.remote.ProtocolHandshake createSession
INFO: Detected dialect: W3C
]]></system-err>
  </testcase>
  <testcase name="LoginErrorMessage_Wrongemailformat" classname="Onboardingnewclient.OnBoardingArtemis" time="4.78">
    <system-out><![CDATA[Please enter valid email address
]]></system-out>
  </testcase>
  <testcase name="LoginAction" classname="Onboardingnewclient.OnBoardingArtemis" time="4.385"/>
  <testcase name="HomePageTitle" classname="Onboardingnewclient.OnBoardingArtemis" time="0.007">
    <system-out><![CDATA[Artemis Accounts Portal
]]></system-out>
  </testcase>
  <testcase name="UserNameDisplay" classname="Onboardingnewclient.OnBoardingArtemis" time="12.23">
    <system-out><![CDATA[Welcome, ravikumar
]]></system-out>
  </testcase>
  <testcase name="isCreateNewButtonPresent" classname="Onboardingnewclient.OnBoardingArtemis" time="0.061">
    <system-out><![CDATA[true
Create new button is present
]]></system-out>
  </testcase>
  <testcase name="isCreateNewButtonEnabled" classname="Onboardingnewclient.OnBoardingArtemis" time="0.031">
    <system-out><![CDATA[true
Create New button is enabled and user can click 
]]></system-out>
  </testcase>
  <testcase name="ClickCreatenewproject" classname="Onboardingnewclient.OnBoardingArtemis" time="0.381"/>
  <testcase name="ClickCancelProjectDialog" classname="Onboardingnewclient.OnBoardingArtemis" time="5.503"/>
  <testcase name="LogoutAction" classname="Onboardingnewclient.OnBoardingArtemis" time="4.134"/>
  <testcase name="Setting_is_Present" classname="Onboardingnewclient.OnBoardingArtemis" time="0.058">
    <system-out><![CDATA[Settigs is present
]]></system-out>
  </testcase>
  <testcase name="Settings_is_Clickable" classname="Onboardingnewclient.OnBoardingArtemis" time="0.039">
    <system-out><![CDATA[Settings link is enabled
]]></system-out>
  </testcase>
  <testcase name="Settings_Navigations_Popup" classname="Onboardingnewclient.OnBoardingArtemis" time="4.338"/>
  <testcase name="Logout_Click" classname="Onboardingnewclient.OnBoardingArtemis" time="0.093"/>
  <testcase name="Logout_Confirmation" classname="Onboardingnewclient.OnBoardingArtemis" time="0.03">
    <system-out><![CDATA[Are you sure you want to logout?
]]></system-out>
  </testcase>
  <testcase name="Logout_click" classname="Onboardingnewclient.OnBoardingArtemis" time="0.104">
    <system-out><![CDATA[Artemis Organizer - Profile
]]></system-out>
  </testcase>
  <testcase name="NavigatetoSettingsPage" classname="Onboardingnewclient.SettingsPage" time="17.672">
    <system-err><![CDATA[Starting ChromeDriver 98.0.4758.80 (7f0488e8ba0d8e019187c6325a16c29d9b7f4989-refs/branch-heads/4758@{#972}) on port 26489
Only local connections are allowed.
Please see https://chromedriver.chromium.org/security-considerations for suggestions on keeping ChromeDriver safe.
ChromeDriver was started successfully.
[1647752069.766][WARNING]: This version of ChromeDriver has not been tested with Chrome version 99.
Mar 20, 2022 10:24:29 AM org.openqa.selenium.remote.ProtocolHandshake createSession
INFO: Detected dialect: W3C
]]></system-err>
  </testcase>
  <testcase name="click_SettingsTab" classname="Onboardingnewclient.SettingsPage" time="0.143"/>
  <testcase name="AccountsTab_exists" classname="Onboardingnewclient.SettingsPage" time="0.061">
    <system-out><![CDATA[The label of Account tab is Account
]]></system-out>
  </testcase>
  <testcase name="VerifySignupLinkisavailable" classname="Onboardingnewclient.SingupNewUser" time="0.049">
    <system-out><![CDATA[true
Signup link is present in Login screen
Signup link is enabled
]]></system-out>
    <system-err><![CDATA[Starting ChromeDriver 98.0.4758.80 (7f0488e8ba0d8e019187c6325a16c29d9b7f4989-refs/branch-heads/4758@{#972}) on port 34286
Only local connections are allowed.
Please see https://chromedriver.chromium.org/security-considerations for suggestions on keeping ChromeDriver safe.
ChromeDriver was started successfully.
[1647752091.029][WARNING]: This version of ChromeDriver has not been tested with Chrome version 99.
Mar 20, 2022 10:24:51 AM org.openqa.selenium.remote.ProtocolHandshake createSession
INFO: Detected dialect: W3C
]]></system-err>
  </testcase>
  <testcase name="clickSignuplink" classname="Onboardingnewclient.SingupNewUser" time="0.09"/>
  <testcase name="verifyTitleofsignup" classname="Onboardingnewclient.SingupNewUser" time="0.028">
    <system-out><![CDATA[The label of signup is Sign up
]]></system-out>
  </testcase>
  <testcase name="logintoSite" classname="NewUserSiteNavigation.newusernavigation" time="10.465">
    <system-err><![CDATA[Starting ChromeDriver 98.0.4758.80 (7f0488e8ba0d8e019187c6325a16c29d9b7f4989-refs/branch-heads/4758@{#972}) on port 33048
Only local connections are allowed.
Please see https://chromedriver.chromium.org/security-considerations for suggestions on keeping ChromeDriver safe.
ChromeDriver was started successfully.
[1647752095.734][WARNING]: This version of ChromeDriver has not been tested with Chrome version 99.
Mar 20, 2022 10:24:55 AM org.openqa.selenium.remote.ProtocolHandshake createSession
INFO: Detected dialect: W3C
]]></system-err>
  </testcase>
  <testcase name="checkDisplayName" classname="NewUserSiteNavigation.newusernavigation" time="0.029">
    <system-out><![CDATA[Welcome, Satya
]]></system-out>
  </testcase>
  <testcase name="getNotifications" classname="NewUserSiteNavigation.newusernavigation" time="6.086"/>
  <testcase name="readNotification" classname="NewUserSiteNavigation.newusernavigation" time="0.038">
    <system-out><![CDATA[Welcome to Artemis! Start your journey by creating your project!
]]></system-out>
  </testcase>
  <testcase name="seeAllnotifications" classname="NewUserSiteNavigation.newusernavigation" time="0.092">
    <system-out><![CDATA[Artemis Organizer - Notification
]]></system-out>
  </testcase>
  <testcase name="redirectedURL" classname="NewUserSiteNavigation.newusernavigation" time="0.005">
    <system-out><![CDATA[https://staging.artemis.im/notifications
]]></system-out>
  </testcase>
  <testcase name="titleofwindow" classname="NewUserSiteNavigation.newusernavigation" time="0.027">
    <system-out><![CDATA[Notification
]]></system-out>
  </testcase>
  <testcase name="clickArtemisLogo" classname="NewUserSiteNavigation.newusernavigation" time="8.104"/>
</testsuite>