<?xml version="1.0" encoding="UTF-8"?>
<!-- Generated by org.testng.reporters.JUnitReportReporter -->
<testsuite skipped="0" hostname="LAPTOP-TKGHDD60" name="Onboardingnewclient.OnBoardingArtemis" tests="16" failures="0" timestamp="2022-03-20T10:25:24 IST" time="38.578" errors="0">
  <testcase name="LaunchURL" time="2.091" classname="Onboardingnewclient.OnBoardingArtemis"/>
  <system-out/>
  <testcase name="LoginErrorMessage_Wrongemailformat" time="4.803" classname="Onboardingnewclient.OnBoardingArtemis"/>
  <system-out/>
  <testcase name="LoginAction" time="4.406" classname="Onboardingnewclient.OnBoardingArtemis"/>
  <system-out/>
  <testcase name="HomePageTitle" time="0.025" classname="Onboardingnewclient.OnBoardingArtemis"/>
  <system-out/>
  <testcase name="UserNameDisplay" time="12.247" classname="Onboardingnewclient.OnBoardingArtemis"/>
  <system-out/>
  <testcase name="isCreateNewButtonPresent" time="0.085" classname="Onboardingnewclient.OnBoardingArtemis"/>
  <system-out/>
  <testcase name="isCreateNewButtonEnabled" time="0.049" classname="Onboardingnewclient.OnBoardingArtemis"/>
  <system-out/>
  <testcase name="ClickCreatenewproject" time="0.400" classname="Onboardingnewclient.OnBoardingArtemis"/>
  <system-out/>
  <testcase name="ClickCancelProjectDialog" time="5.532" classname="Onboardingnewclient.OnBoardingArtemis"/>
  <system-out/>
  <testcase name="LogoutAction" time="4.161" classname="Onboardingnewclient.OnBoardingArtemis"/>
  <system-out/>
  <testcase name="Setting_is_Present" time="0.078" classname="Onboardingnewclient.OnBoardingArtemis"/>
  <system-out/>
  <testcase name="Settings_is_Clickable" time="0.063" classname="Onboardingnewclient.OnBoardingArtemis"/>
  <system-out/>
  <testcase name="Settings_Navigations_Popup" time="4.357" classname="Onboardingnewclient.OnBoardingArtemis"/>
  <system-out/>
  <testcase name="Logout_Click" time="0.112" classname="Onboardingnewclient.OnBoardingArtemis"/>
  <system-out/>
  <testcase name="Logout_Confirmation" time="0.049" classname="Onboardingnewclient.OnBoardingArtemis"/>
  <system-out/>
  <testcase name="Logout_click" time="0.120" classname="Onboardingnewclient.OnBoardingArtemis"/>
  <system-out/>
</testsuite> <!-- Onboardingnewclient.OnBoardingArtemis -->
