<?xml version="1.0" encoding="UTF-8"?>
<!-- Generated by org.testng.reporters.JUnitReportReporter -->
<testsuite skipped="0" hostname="LAPTOP-TKGHDD60" name="NewUserSiteNavigation.newusernavigation" tests="8" failures="0" timestamp="2022-03-20T10:25:24 IST" time="25.026" errors="0">
  <testcase name="logintoSite" time="10.486" classname="NewUserSiteNavigation.newusernavigation"/>
  <system-out/>
  <testcase name="checkDisplayName" time="0.058" classname="NewUserSiteNavigation.newusernavigation"/>
  <system-out/>
  <testcase name="getNotifications" time="6.116" classname="NewUserSiteNavigation.newusernavigation"/>
  <system-out/>
  <testcase name="readNotification" time="0.055" classname="NewUserSiteNavigation.newusernavigation"/>
  <system-out/>
  <testcase name="seeAllnotifications" time="0.117" classname="NewUserSiteNavigation.newusernavigation"/>
  <system-out/>
  <testcase name="redirectedURL" time="0.027" classname="NewUserSiteNavigation.newusernavigation"/>
  <system-out/>
  <testcase name="titleofwindow" time="0.046" classname="NewUserSiteNavigation.newusernavigation"/>
  <system-out/>
  <testcase name="clickArtemisLogo" time="8.121" classname="NewUserSiteNavigation.newusernavigation"/>
  <system-out/>
</testsuite> <!-- NewUserSiteNavigation.newusernavigation -->
