<?xml version="1.0" encoding="UTF-8"?>
<!-- Generated by org.testng.reporters.JUnitReportReporter -->
<testsuite skipped="0" hostname="LAPTOP-TKGHDD60" name="Projects.editproject" tests="8" failures="0" timestamp="2022-03-20T10:25:24 IST" time="66.513" errors="0">
  <testcase name="NavigatetoProjectBoard" time="17.643" classname="Projects.editproject"/>
  <system-out>
User ented the email id details succefully User clicks Login button succefully User entered the passowrd succefully User clicks the next button  </system-out>
  <testcase name="fetchProjectaccess" time="0.048" classname="Projects.editproject"/>
  <system-out/>
  <testcase name="checkProjectState" time="5.048" classname="Projects.editproject"/>
  <system-out/>
  <testcase name="clickProjectHamburgicon" time="8.118" classname="Projects.editproject"/>
  <system-out/>
  <testcase name="ClickEditProject" time="8.210" classname="Projects.editproject"/>
  <system-out/>
  <testcase name="VerifyTitleofeditproject" time="6.067" classname="Projects.editproject"/>
  <system-out/>
  <testcase name="edittitleofproject" time="13.245" classname="Projects.editproject"/>
  <system-out/>
  <testcase name="clickCancelButton" time="8.134" classname="Projects.editproject"/>
  <system-out/>
</testsuite> <!-- Projects.editproject -->
