<?xml version="1.0" encoding="UTF-8"?>
<!-- Generated by org.testng.reporters.JUnitReportReporter -->
<testsuite skipped="0" hostname="LAPTOP-TKGHDD60" name="Forms.FormsProperties" tests="9" failures="0" timestamp="2022-03-20T10:25:24 IST" time="53.712" errors="0">
  <testcase name="NavigatetoProjectDetailsPage" time="29.737" classname="Forms.FormsProperties"/>
  <system-out>
User ented the email id details succefully User clicks Login button succefully User entered the passowrd succefully User clicks the next button  </system-out>
  <testcase name="NavigatetoFormsTab" time="0.141" classname="Forms.FormsProperties"/>
  <system-out/>
  <testcase name="formspagetitle" time="0.049" classname="Forms.FormsProperties"/>
  <system-out/>
  <testcase name="createforms" time="8.157" classname="Forms.FormsProperties"/>
  <system-out/>
  <testcase name="redirectedurl" time="0.026" classname="Forms.FormsProperties"/>
  <system-out/>
  <testcase name="formstitle" time="0.048" classname="Forms.FormsProperties"/>
  <system-out/>
  <testcase name="formtitle" time="5.173" classname="Forms.FormsProperties"/>
  <system-out/>
  <testcase name="createQuestion1" time="5.238" classname="Forms.FormsProperties"/>
  <system-out/>
  <testcase name="PublishForm" time="5.143" classname="Forms.FormsProperties"/>
  <system-out/>
</testsuite> <!-- Forms.FormsProperties -->
