<?xml version="1.0" encoding="UTF-8"?>
<!-- Generated by org.testng.reporters.JUnitReportReporter -->
<testsuite skipped="0" hostname="LAPTOP-TKGHDD60" name="Login.LoginInvalidAndForgotPassword" tests="10" failures="0" timestamp="2022-03-20T10:25:24 IST" time="40.243" errors="0">
  <testcase name="EnterWrongemailid" time="5.280" classname="Login.LoginInvalidAndForgotPassword"/>
  <system-out/>
  <testcase name="wrongpassword" time="9.416" classname="Login.LoginInvalidAndForgotPassword"/>
  <system-out/>
  <testcase name="LaunchURL" time="0.659" classname="Login.LoginInvalidAndForgotPassword"/>
  <system-out/>
  <testcase name="checklabelsinLoginPage" time="0.034" classname="Login.LoginInvalidAndForgotPassword"/>
  <system-out/>
  <testcase name="navigatetoforgotpasswordpage" time="8.299" classname="Login.LoginInvalidAndForgotPassword"/>
  <system-out/>
  <testcase name="CheckForgotpasswordlink_exists" time="0.050" classname="Login.LoginInvalidAndForgotPassword"/>
  <system-out/>
  <testcase name="ClickForgotpasswordlink" time="6.096" classname="Login.LoginInvalidAndForgotPassword"/>
  <system-out/>
  <testcase name="userinputemail" time="5.218" classname="Login.LoginInvalidAndForgotPassword"/>
  <system-out/>
  <testcase name="recoveryhelptext" time="0.063" classname="Login.LoginInvalidAndForgotPassword"/>
  <system-out/>
  <testcase name="clickcontinuelogin" time="5.128" classname="Login.LoginInvalidAndForgotPassword"/>
  <system-out/>
</testsuite> <!-- Login.LoginInvalidAndForgotPassword -->
