<?xml version="1.0" encoding="UTF-8"?>
<!-- Generated by org.testng.reporters.JUnitReportReporter -->
<testsuite skipped="0" hostname="LAPTOP-TKGHDD60" name="Login.LoginInvalid" tests="2" failures="0" timestamp="2022-02-13T13:07:46 IST" time="14.686" errors="0">
  <testcase name="EnterWrongemailid" time="5.260" classname="Login.LoginInvalid"/>
  <system-out/>
  <testcase name="wrongpassword" time="9.426" classname="Login.LoginInvalid"/>
  <system-out/>
</testsuite> <!-- Login.LoginInvalid -->
