<?xml version="1.0" encoding="UTF-8"?>
<!-- Generated by org.testng.reporters.JUnitReportReporter -->
<testsuite skipped="0" hostname="LAPTOP-TKGHDD60" name="Login.LoginInvalidAndForgotPassword" tests="10" failures="0" timestamp="2022-03-20T00:27:04 IST" time="40.468" errors="0">
  <testcase name="EnterWrongemailid" time="5.320" classname="Login.LoginInvalidAndForgotPassword"/>
  <system-out/>
  <testcase name="wrongpassword" time="9.437" classname="Login.LoginInvalidAndForgotPassword"/>
  <system-out/>
  <testcase name="LaunchURL" time="0.605" classname="Login.LoginInvalidAndForgotPassword"/>
  <system-out/>
  <testcase name="checklabelsinLoginPage" time="0.047" classname="Login.LoginInvalidAndForgotPassword"/>
  <system-out/>
  <testcase name="navigatetoforgotpasswordpage" time="8.349" classname="Login.LoginInvalidAndForgotPassword"/>
  <system-out/>
  <testcase name="CheckForgotpasswordlink_exists" time="0.091" classname="Login.LoginInvalidAndForgotPassword"/>
  <system-out/>
  <testcase name="ClickForgotpasswordlink" time="6.120" classname="Login.LoginInvalidAndForgotPassword"/>
  <system-out/>
  <testcase name="userinputemail" time="5.253" classname="Login.LoginInvalidAndForgotPassword"/>
  <system-out/>
  <testcase name="recoveryhelptext" time="0.092" classname="Login.LoginInvalidAndForgotPassword"/>
  <system-out/>
  <testcase name="clickcontinuelogin" time="5.154" classname="Login.LoginInvalidAndForgotPassword"/>
  <system-out/>
</testsuite> <!-- Login.LoginInvalidAndForgotPassword -->
