<?xml version="1.0" encoding="UTF-8"?>
<!-- Generated by org.testng.reporters.JUnitReportReporter -->
<testsuite skipped="0" hostname="LAPTOP-TKGHDD60" name="Login.GmailLogin" tests="1" failures="0" timestamp="2022-04-07T13:01:40 IST" time="1.287" errors="0">
  <testcase name="GmailLogin" time="1.287" classname="Login.GmailLogin"/>
  <system-out/>
</testsuite> <!-- Login.GmailLogin -->
