<?xml version="1.0" encoding="UTF-8"?>
<!-- Generated by org.testng.reporters.JUnitReportReporter -->
<testsuite skipped="0" hostname="LAPTOP-TKGHDD60" name="Projects.ProjectProperties" tests="20" failures="0" timestamp="2022-03-19T23:47:40 IST" time="62.146" errors="0">
  <testcase name="fetchprojecttitle" time="14.555" classname="Projects.ProjectProperties"/>
  <system-out>
User ented the email id details succefully User clicks Login button succefully User entered the passowrd succefully User clicks the next button  </system-out>
  <testcase name="ClickProject" time="0.110" classname="Projects.ProjectProperties"/>
  <system-out/>
  <testcase name="getProjectClassification" time="0.580" classname="Projects.ProjectProperties"/>
  <system-out/>
  <testcase name="getProjectDetailsContent" time="5.157" classname="Projects.ProjectProperties"/>
  <system-out/>
  <testcase name="closeProjectDetailsContent" time="0.096" classname="Projects.ProjectProperties"/>
  <system-out/>
  <testcase name="ClickStrategyTab" time="0.160" classname="Projects.ProjectProperties"/>
  <system-out/>
  <testcase name="gettitleofpage" time="0.031" classname="Projects.ProjectProperties"/>
  <system-out/>
  <testcase name="ClickCreateStragey" time="5.194" classname="Projects.ProjectProperties"/>
  <system-out/>
  <testcase name="verifyCreateStrategypopupDetails" time="0.065" classname="Projects.ProjectProperties"/>
  <system-out/>
  <testcase name="HelpTextofCreateStrategy" time="0.069" classname="Projects.ProjectProperties"/>
  <system-out/>
  <testcase name="VerifyHelpText" time="0.081" classname="Projects.ProjectProperties"/>
  <system-out/>
  <testcase name="TitleLabel_exists" time="0.071" classname="Projects.ProjectProperties"/>
  <system-out/>
  <testcase name="ProblemStatement_exists" time="5.071" classname="Projects.ProjectProperties"/>
  <system-out/>
  <testcase name="enterTitleofStrategy" time="0.157" classname="Projects.ProjectProperties"/>
  <system-out/>
  <testcase name="enterProblemStatements" time="5.188" classname="Projects.ProjectProperties"/>
  <system-out/>
  <testcase name="ClickCreateStargeyDoneButton" time="5.113" classname="Projects.ProjectProperties"/>
  <system-out/>
  <testcase name="DeleteStargeyMenu" time="4.107" classname="Projects.ProjectProperties"/>
  <system-out/>
  <testcase name="DeleteStragey" time="4.134" classname="Projects.ProjectProperties"/>
  <system-out/>
  <testcase name="DeleteConfirmmessage" time="5.084" classname="Projects.ProjectProperties"/>
  <system-out/>
  <testcase name="Deleteaction" time="7.123" classname="Projects.ProjectProperties"/>
  <system-out/>
</testsuite> <!-- Projects.ProjectProperties -->
