<?xml version="1.0" encoding="UTF-8"?>
<!-- Generated by org.testng.reporters.JUnitReportReporter -->
<testsuite skipped="0" hostname="LAPTOP-TKGHDD60" name="Projects.editproject" tests="8" failures="0" timestamp="2022-03-19T22:46:47 IST" time="63.341" errors="0">
  <testcase name="NavigatetoProjectBoard" time="14.510" classname="Projects.editproject"/>
  <system-out>
User ented the email id details succefully User clicks Login button succefully User entered the passowrd succefully User clicks the next button  </system-out>
  <testcase name="fetchProjectaccess" time="0.063" classname="Projects.editproject"/>
  <system-out/>
  <testcase name="checkProjectState" time="5.053" classname="Projects.editproject"/>
  <system-out/>
  <testcase name="clickProjectHamburgicon" time="8.109" classname="Projects.editproject"/>
  <system-out/>
  <testcase name="ClickEditProject" time="8.195" classname="Projects.editproject"/>
  <system-out/>
  <testcase name="VerifyTitleofeditproject" time="6.045" classname="Projects.editproject"/>
  <system-out/>
  <testcase name="edittitleofproject" time="13.240" classname="Projects.editproject"/>
  <system-out/>
  <testcase name="clickCancelButton" time="8.126" classname="Projects.editproject"/>
  <system-out/>
</testsuite> <!-- Projects.editproject -->
