<?xml version="1.0" encoding="UTF-8"?>
<!-- Generated by org.testng.reporters.JUnitReportReporter -->
<testsuite skipped="0" hostname="LAPTOP-TKGHDD60" name="Projects.ProjectProperties" tests="20" failures="0" timestamp="2022-03-19T22:46:47 IST" time="61.647" errors="0">
  <testcase name="fetchprojecttitle" time="14.481" classname="Projects.ProjectProperties"/>
  <system-out>
User ented the email id details succefully User clicks Login button succefully User entered the passowrd succefully User clicks the next button  </system-out>
  <testcase name="ClickProject" time="0.093" classname="Projects.ProjectProperties"/>
  <system-out/>
  <testcase name="getProjectClassification" time="0.579" classname="Projects.ProjectProperties"/>
  <system-out/>
  <testcase name="getProjectDetailsContent" time="5.118" classname="Projects.ProjectProperties"/>
  <system-out/>
  <testcase name="closeProjectDetailsContent" time="0.077" classname="Projects.ProjectProperties"/>
  <system-out/>
  <testcase name="ClickStrategyTab" time="0.109" classname="Projects.ProjectProperties"/>
  <system-out/>
  <testcase name="gettitleofpage" time="0.028" classname="Projects.ProjectProperties"/>
  <system-out/>
  <testcase name="ClickCreateStragey" time="5.168" classname="Projects.ProjectProperties"/>
  <system-out/>
  <testcase name="verifyCreateStrategypopupDetails" time="0.046" classname="Projects.ProjectProperties"/>
  <system-out/>
  <testcase name="HelpTextofCreateStrategy" time="0.048" classname="Projects.ProjectProperties"/>
  <system-out/>
  <testcase name="VerifyHelpText" time="0.045" classname="Projects.ProjectProperties"/>
  <system-out/>
  <testcase name="TitleLabel_exists" time="0.058" classname="Projects.ProjectProperties"/>
  <system-out/>
  <testcase name="ProblemStatement_exists" time="5.069" classname="Projects.ProjectProperties"/>
  <system-out/>
  <testcase name="enterTitleofStrategy" time="0.116" classname="Projects.ProjectProperties"/>
  <system-out/>
  <testcase name="enterProblemStatements" time="5.114" classname="Projects.ProjectProperties"/>
  <system-out/>
  <testcase name="ClickCreateStargeyDoneButton" time="5.127" classname="Projects.ProjectProperties"/>
  <system-out/>
  <testcase name="DeleteStragey" time="4.119" classname="Projects.ProjectProperties"/>
  <system-out/>
  <testcase name="DeleteStargeyMenu" time="4.098" classname="Projects.ProjectProperties"/>
  <system-out/>
  <testcase name="DeleteConfirmmessage" time="5.061" classname="Projects.ProjectProperties"/>
  <system-out/>
  <testcase name="Deleteaction" time="7.093" classname="Projects.ProjectProperties"/>
  <system-out/>
</testsuite> <!-- Projects.ProjectProperties -->
