<?xml version="1.0" encoding="UTF-8"?>
<!-- Generated by org.testng.reporters.JUnitReportReporter -->
<testsuite skipped="0" hostname="LAPTOP-TKGHDD60" name="Onboardingnewclient.ForgotPassword" tests="8" failures="0" timestamp="2022-02-20T14:47:42 IST" time="25.777" errors="0">
  <testcase name="LaunchURL" time="0.912" classname="Onboardingnewclient.ForgotPassword"/>
  <system-out/>
  <testcase name="checklabelsinLoginPage" time="0.027" classname="Onboardingnewclient.ForgotPassword"/>
  <system-out/>
  <testcase name="navigatetoforgotpasswordpage" time="8.317" classname="Onboardingnewclient.ForgotPassword"/>
  <system-out/>
  <testcase name="CheckForgotpasswordlink_exists" time="0.035" classname="Onboardingnewclient.ForgotPassword"/>
  <system-out/>
  <testcase name="ClickForgotpasswordlink" time="6.120" classname="Onboardingnewclient.ForgotPassword"/>
  <system-out/>
  <testcase name="userinputemail" time="5.210" classname="Onboardingnewclient.ForgotPassword"/>
  <system-out/>
  <testcase name="recoveryhelptext" time="0.025" classname="Onboardingnewclient.ForgotPassword"/>
  <system-out/>
  <testcase name="clickcontinuelogin" time="5.131" classname="Onboardingnewclient.ForgotPassword"/>
  <system-out/>
</testsuite> <!-- Onboardingnewclient.ForgotPassword -->
