<?xml version="1.0" encoding="UTF-8"?>
<!-- Generated by org.testng.reporters.JUnitReportReporter -->
<testsuite skipped="0" hostname="LAPTOP-TKGHDD60" name="Onboardingnewclient.OnBoardingArtemis" tests="16" failures="0" timestamp="2022-04-07T13:01:40 IST" time="34.335" errors="0">
  <testcase name="LaunchURL" time="2.052" classname="Onboardingnewclient.OnBoardingArtemis"/>
  <system-out/>
  <testcase name="LoginErrorMessage_Wrongemailformat" time="4.784" classname="Onboardingnewclient.OnBoardingArtemis"/>
  <system-out/>
  <testcase name="LoginAction" time="4.436" classname="Onboardingnewclient.OnBoardingArtemis"/>
  <system-out/>
  <testcase name="HomePageTitle" time="0.031" classname="Onboardingnewclient.OnBoardingArtemis"/>
  <system-out/>
  <testcase name="UserNameDisplay" time="8.147" classname="Onboardingnewclient.OnBoardingArtemis"/>
  <system-out/>
  <testcase name="isCreateNewButtonPresent" time="0.245" classname="Onboardingnewclient.OnBoardingArtemis"/>
  <system-out/>
  <testcase name="isCreateNewButtonEnabled" time="0.049" classname="Onboardingnewclient.OnBoardingArtemis"/>
  <system-out/>
  <testcase name="ClickCreatenewproject" time="0.358" classname="Onboardingnewclient.OnBoardingArtemis"/>
  <system-out/>
  <testcase name="ClickCancelProjectDialog" time="5.370" classname="Onboardingnewclient.OnBoardingArtemis"/>
  <system-out/>
  <testcase name="LogoutAction" time="4.314" classname="Onboardingnewclient.OnBoardingArtemis"/>
  <system-out/>
  <testcase name="Setting_is_Present" time="0.073" classname="Onboardingnewclient.OnBoardingArtemis"/>
  <system-out/>
  <testcase name="Settings_is_Clickable" time="0.053" classname="Onboardingnewclient.OnBoardingArtemis"/>
  <system-out/>
  <testcase name="Settings_Navigations_Popup" time="4.147" classname="Onboardingnewclient.OnBoardingArtemis"/>
  <system-out/>
  <testcase name="Logout_Click" time="0.109" classname="Onboardingnewclient.OnBoardingArtemis"/>
  <system-out/>
  <testcase name="Logout_Confirmation" time="0.047" classname="Onboardingnewclient.OnBoardingArtemis"/>
  <system-out/>
  <testcase name="Logout_click" time="0.120" classname="Onboardingnewclient.OnBoardingArtemis"/>
  <system-out/>
</testsuite> <!-- Onboardingnewclient.OnBoardingArtemis -->
