<?xml version="1.0" encoding="UTF-8"?>
<!-- Generated by org.testng.reporters.JUnitReportReporter -->
<testsuite skipped="0" hostname="LAPTOP-TKGHDD60" name="Login.LoginInvalidAndForgotPassword" tests="10" failures="0" timestamp="2022-03-19T22:46:47 IST" time="40.192" errors="0">
  <testcase name="EnterWrongemailid" time="5.305" classname="Login.LoginInvalidAndForgotPassword"/>
  <system-out/>
  <testcase name="wrongpassword" time="9.397" classname="Login.LoginInvalidAndForgotPassword"/>
  <system-out/>
  <testcase name="LaunchURL" time="0.600" classname="Login.LoginInvalidAndForgotPassword"/>
  <system-out/>
  <testcase name="checklabelsinLoginPage" time="0.029" classname="Login.LoginInvalidAndForgotPassword"/>
  <system-out/>
  <testcase name="navigatetoforgotpasswordpage" time="8.343" classname="Login.LoginInvalidAndForgotPassword"/>
  <system-out/>
  <testcase name="CheckForgotpasswordlink_exists" time="0.074" classname="Login.LoginInvalidAndForgotPassword"/>
  <system-out/>
  <testcase name="ClickForgotpasswordlink" time="6.102" classname="Login.LoginInvalidAndForgotPassword"/>
  <system-out/>
  <testcase name="userinputemail" time="5.209" classname="Login.LoginInvalidAndForgotPassword"/>
  <system-out/>
  <testcase name="recoveryhelptext" time="0.050" classname="Login.LoginInvalidAndForgotPassword"/>
  <system-out/>
  <testcase name="clickcontinuelogin" time="5.083" classname="Login.LoginInvalidAndForgotPassword"/>
  <system-out/>
</testsuite> <!-- Login.LoginInvalidAndForgotPassword -->
