<?xml version="1.0" encoding="UTF-8"?>
<!-- Generated by org.testng.reporters.JUnitReportReporter -->
<testsuite skipped="0" hostname="LAPTOP-TKGHDD60" name="Login.LoginInvalid" tests="2" failures="0" timestamp="2022-02-19T23:40:39 IST" time="14.756" errors="0">
  <testcase name="wrongpassword" time="9.446" classname="Login.LoginInvalid"/>
  <system-out/>
  <testcase name="EnterWrongemailid" time="5.310" classname="Login.LoginInvalid"/>
  <system-out/>
</testsuite> <!-- Login.LoginInvalid -->
