<?xml version="1.0" encoding="UTF-8"?>
<!-- Generated by org.testng.reporters.JUnitReportReporter -->
<testsuite skipped="0" hostname="LAPTOP-TKGHDD60" name="Onboardingnewclient.SingupNewUser" tests="3" failures="0" timestamp="2022-04-07T13:01:40 IST" time="0.248" errors="0">
  <testcase name="VerifySignupLinkisavailable" time="0.082" classname="Onboardingnewclient.SingupNewUser"/>
  <system-out/>
  <testcase name="clickSignuplink" time="0.117" classname="Onboardingnewclient.SingupNewUser"/>
  <system-out/>
  <testcase name="verifyTitleofsignup" time="0.049" classname="Onboardingnewclient.SingupNewUser"/>
  <system-out/>
</testsuite> <!-- Onboardingnewclient.SingupNewUser -->
