<?xml version="1.0" encoding="UTF-8"?>
<!-- Generated by org.testng.reporters.JUnitReportReporter -->
<testsuite skipped="0" hostname="LAPTOP-TKGHDD60" name="Onboardingnewclient.SingupNewUser" tests="3" failures="0" timestamp="2022-03-20T00:27:04 IST" time="0.283" errors="0">
  <testcase name="VerifySignupLinkisavailable" time="0.086" classname="Onboardingnewclient.SingupNewUser"/>
  <system-out/>
  <testcase name="clickSignuplink" time="0.126" classname="Onboardingnewclient.SingupNewUser"/>
  <system-out/>
  <testcase name="verifyTitleofsignup" time="0.071" classname="Onboardingnewclient.SingupNewUser"/>
  <system-out/>
</testsuite> <!-- Onboardingnewclient.SingupNewUser -->
