<?xml version="1.0" encoding="UTF-8"?>
<!-- Generated by org.testng.reporters.JUnitReportReporter -->
<testsuite skipped="0" hostname="LAPTOP-TKGHDD60" name="Forms.FormsProperties" tests="9" failures="0" timestamp="2022-03-19T22:46:47 IST" time="46.439" errors="0">
  <testcase name="NavigatetoProjectDetailsPage" time="21.541" classname="Forms.FormsProperties"/>
  <system-out>
User ented the email id details succefully User clicks Login button succefully User entered the passowrd succefully User clicks the next button  </system-out>
  <testcase name="NavigatetoFormsTab" time="0.113" classname="Forms.FormsProperties"/>
  <system-out/>
  <testcase name="formspagetitle" time="0.055" classname="Forms.FormsProperties"/>
  <system-out/>
  <testcase name="createforms" time="8.197" classname="Forms.FormsProperties"/>
  <system-out/>
  <testcase name="redirectedurl" time="0.039" classname="Forms.FormsProperties"/>
  <system-out/>
  <testcase name="formstitle" time="0.047" classname="Forms.FormsProperties"/>
  <system-out/>
  <testcase name="formtitle" time="5.185" classname="Forms.FormsProperties"/>
  <system-out/>
  <testcase name="createQuestion1" time="5.228" classname="Forms.FormsProperties"/>
  <system-out/>
  <testcase name="PublishForm" time="6.034" classname="Forms.FormsProperties"/>
  <system-out/>
</testsuite> <!-- Forms.FormsProperties -->
