<?xml version="1.0" encoding="UTF-8"?>
<!-- Generated by org.testng.reporters.JUnitReportReporter -->
<testsuite skipped="0" hostname="LAPTOP-TKGHDD60" name="NewUserSiteNavigation.newusernavigation" tests="7" failures="0" timestamp="2022-04-07T13:01:40 IST" time="25.054" errors="0">
  <testcase name="logintoSite" time="10.593" classname="NewUserSiteNavigation.newusernavigation"/>
  <system-out/>
  <testcase name="checkDisplayName" time="0.065" classname="NewUserSiteNavigation.newusernavigation"/>
  <system-out/>
  <testcase name="getNotifications" time="6.098" classname="NewUserSiteNavigation.newusernavigation"/>
  <system-out/>
  <testcase name="seeAllnotifications" time="0.109" classname="NewUserSiteNavigation.newusernavigation"/>
  <system-out/>
  <testcase name="redirectedURL" time="0.023" classname="NewUserSiteNavigation.newusernavigation"/>
  <system-out/>
  <testcase name="titleofwindow" time="0.047" classname="NewUserSiteNavigation.newusernavigation"/>
  <system-out/>
  <testcase name="clickArtemisLogo" time="8.119" classname="NewUserSiteNavigation.newusernavigation"/>
  <system-out/>
</testsuite> <!-- NewUserSiteNavigation.newusernavigation -->
