<?xml version="1.0" encoding="UTF-8"?>
<!-- Generated by org.testng.reporters.JUnitReportReporter -->
<testsuite skipped="0" hostname="LAPTOP-TKGHDD60" name="Projects.editproject" tests="8" failures="0" timestamp="2022-03-19T23:12:33 IST" time="63.532" errors="0">
  <testcase name="NavigatetoProjectBoard" time="14.543" classname="Projects.editproject"/>
  <system-out>
User ented the email id details succefully User clicks Login button succefully User entered the passowrd succefully User clicks the next button  </system-out>
  <testcase name="fetchProjectaccess" time="0.079" classname="Projects.editproject"/>
  <system-out/>
  <testcase name="checkProjectState" time="5.086" classname="Projects.editproject"/>
  <system-out/>
  <testcase name="clickProjectHamburgicon" time="8.123" classname="Projects.editproject"/>
  <system-out/>
  <testcase name="ClickEditProject" time="8.195" classname="Projects.editproject"/>
  <system-out/>
  <testcase name="VerifyTitleofeditproject" time="6.078" classname="Projects.editproject"/>
  <system-out/>
  <testcase name="edittitleofproject" time="13.266" classname="Projects.editproject"/>
  <system-out/>
  <testcase name="clickCancelButton" time="8.162" classname="Projects.editproject"/>
  <system-out/>
</testsuite> <!-- Projects.editproject -->
