<?xml version="1.0" encoding="UTF-8"?>
<!-- Generated by org.testng.reporters.JUnitReportReporter -->
<testsuite skipped="0" hostname="LAPTOP-TKGHDD60" name="Projects.editproject" tests="8" failures="0" timestamp="2022-04-07T13:01:40 IST" time="64.304" errors="0">
  <testcase name="NavigatetoProjectBoard" time="15.456" classname="Projects.editproject"/>
  <system-out>
User ented the email id details succefully User clicks Login button succefully User entered the passowrd succefully User clicks the next button  </system-out>
  <testcase name="fetchProjectaccess" time="0.065" classname="Projects.editproject"/>
  <system-out/>
  <testcase name="checkProjectState" time="5.054" classname="Projects.editproject"/>
  <system-out/>
  <testcase name="clickProjectHamburgicon" time="8.107" classname="Projects.editproject"/>
  <system-out/>
  <testcase name="ClickEditProject" time="8.197" classname="Projects.editproject"/>
  <system-out/>
  <testcase name="VerifyTitleofeditproject" time="6.061" classname="Projects.editproject"/>
  <system-out/>
  <testcase name="edittitleofproject" time="13.235" classname="Projects.editproject"/>
  <system-out/>
  <testcase name="clickCancelButton" time="8.129" classname="Projects.editproject"/>
  <system-out/>
</testsuite> <!-- Projects.editproject -->
