<?xml version="1.0" encoding="UTF-8"?>
<!-- Generated by org.testng.reporters.JUnitReportReporter -->
<testsuite skipped="0" hostname="LAPTOP-TKGHDD60" name="Login.Login_Test" tests="3" failures="0" timestamp="2022-02-19T23:40:39 IST" time="6.817" errors="0">
  <testcase name="Login_HomePage" time="0.042" classname="Login.Login_Test"/>
  <system-out/>
  <testcase name="LogintoApp" time="6.701" classname="Login.Login_Test"/>
  <system-out/>
  <testcase name="Loginsuccesful" time="0.074" classname="Login.Login_Test"/>
  <system-out/>
</testsuite> <!-- Login.Login_Test -->
