<?xml version="1.0" encoding="UTF-8"?>
<!-- Generated by org.testng.reporters.JUnitReportReporter -->
<testsuite skipped="0" hostname="LAPTOP-TKGHDD60" name="Login.LoginInvalid" tests="2" failures="0" timestamp="2022-02-20T12:17:07 IST" time="14.682" errors="0">
  <testcase name="wrongpassword" time="9.428" classname="Login.LoginInvalid"/>
  <system-out/>
  <testcase name="EnterWrongemailid" time="5.254" classname="Login.LoginInvalid"/>
  <system-out/>
</testsuite> <!-- Login.LoginInvalid -->
