<?xml version="1.0" encoding="UTF-8"?>
<!-- Generated by org.testng.reporters.JUnitReportReporter -->
<testsuite skipped="0" hostname="LAPTOP-TKGHDD60" name="Projects.ProjectProperties" tests="5" failures="0" timestamp="2022-02-19T18:51:55 IST" time="20.363" errors="0">
  <testcase name="fetchprojecttitle" time="14.520" classname="Projects.ProjectProperties"/>
  <system-out/>
  <testcase name="ClickProject" time="0.116" classname="Projects.ProjectProperties"/>
  <system-out/>
  <testcase name="getProjectClassification" time="0.486" classname="Projects.ProjectProperties"/>
  <system-out/>
  <testcase name="getProjectDetailsContent" time="5.157" classname="Projects.ProjectProperties"/>
  <system-out/>
  <testcase name="closeProjectDetailsContent" time="0.084" classname="Projects.ProjectProperties"/>
  <system-out/>
</testsuite> <!-- Projects.ProjectProperties -->
