<?xml version="1.0" encoding="UTF-8"?>
<!-- Generated by org.testng.reporters.JUnitReportReporter -->
<testsuite skipped="0" hostname="LAPTOP-TKGHDD60" name="Projects.ProjectProperties" tests="20" failures="0" timestamp="2022-03-20T00:27:04 IST" time="62.365" errors="0">
  <testcase name="fetchprojecttitle" time="14.523" classname="Projects.ProjectProperties"/>
  <system-out>
User ented the email id details succefully User clicks Login button succefully User entered the passowrd succefully User clicks the next button  </system-out>
  <testcase name="ClickProject" time="0.114" classname="Projects.ProjectProperties"/>
  <system-out/>
  <testcase name="getProjectClassification" time="0.746" classname="Projects.ProjectProperties"/>
  <system-out/>
  <testcase name="getProjectDetailsContent" time="5.177" classname="Projects.ProjectProperties"/>
  <system-out/>
  <testcase name="closeProjectDetailsContent" time="0.100" classname="Projects.ProjectProperties"/>
  <system-out/>
  <testcase name="ClickStrategyTab" time="0.125" classname="Projects.ProjectProperties"/>
  <system-out/>
  <testcase name="gettitleofpage" time="0.037" classname="Projects.ProjectProperties"/>
  <system-out/>
  <testcase name="ClickCreateStragey" time="5.195" classname="Projects.ProjectProperties"/>
  <system-out/>
  <testcase name="verifyCreateStrategypopupDetails" time="0.076" classname="Projects.ProjectProperties"/>
  <system-out/>
  <testcase name="HelpTextofCreateStrategy" time="0.063" classname="Projects.ProjectProperties"/>
  <system-out/>
  <testcase name="VerifyHelpText" time="0.089" classname="Projects.ProjectProperties"/>
  <system-out/>
  <testcase name="TitleLabel_exists" time="0.072" classname="Projects.ProjectProperties"/>
  <system-out/>
  <testcase name="ProblemStatement_exists" time="5.077" classname="Projects.ProjectProperties"/>
  <system-out/>
  <testcase name="enterTitleofStrategy" time="0.143" classname="Projects.ProjectProperties"/>
  <system-out/>
  <testcase name="enterProblemStatements" time="5.175" classname="Projects.ProjectProperties"/>
  <system-out/>
  <testcase name="ClickCreateStargeyDoneButton" time="5.137" classname="Projects.ProjectProperties"/>
  <system-out/>
  <testcase name="DeleteStargeyMenu" time="4.122" classname="Projects.ProjectProperties"/>
  <system-out/>
  <testcase name="DeleteStragey" time="4.156" classname="Projects.ProjectProperties"/>
  <system-out/>
  <testcase name="DeleteConfirmmessage" time="5.095" classname="Projects.ProjectProperties"/>
  <system-out/>
  <testcase name="Deleteaction" time="7.143" classname="Projects.ProjectProperties"/>
  <system-out/>
</testsuite> <!-- Projects.ProjectProperties -->
