<?xml version="1.0" encoding="UTF-8"?>
<!-- Generated by org.testng.reporters.JUnitReportReporter -->
<testsuite skipped="0" hostname="LAPTOP-TKGHDD60" name="Projects.editproject" tests="7" failures="0" timestamp="2022-02-20T20:04:27 IST" time="36.861" errors="0">
  <testcase name="NavigatetoProjectBoard" time="15.282" classname="Projects.editproject"/>
  <system-out>
User ented the email id details succefully User clicks Login button succefully User entered the passowrd succefully User clicks the next button  </system-out>
  <testcase name="fetchProjectaccess" time="0.056" classname="Projects.editproject"/>
  <system-out/>
  <testcase name="checkProjectState" time="0.066" classname="Projects.editproject"/>
  <system-out/>
  <testcase name="clickProjectHamburgicon" time="8.097" classname="Projects.editproject"/>
  <system-out/>
  <testcase name="ClickEditProject" time="8.169" classname="Projects.editproject"/>
  <system-out/>
  <testcase name="VerifyTitleofeditproject" time="0.057" classname="Projects.editproject"/>
  <system-out/>
  <testcase name="clickCancelButton" time="5.134" classname="Projects.editproject"/>
  <system-out/>
</testsuite> <!-- Projects.editproject -->
