<?xml version="1.0" encoding="UTF-8"?>
<!-- Generated by org.testng.reporters.JUnitReportReporter -->
<testsuite skipped="0" hostname="LAPTOP-TKGHDD60" name="Projects.FormsProperties" tests="8" failures="0" timestamp="2022-02-20T12:17:07 IST" time="41.331" errors="0">
  <testcase name="NavigatetoProjectDetailsPage" time="21.561" classname="Projects.FormsProperties"/>
  <system-out/>
  <testcase name="NavigatetoFormsTab" time="0.118" classname="Projects.FormsProperties"/>
  <system-out/>
  <testcase name="formspagetitle" time="0.059" classname="Projects.FormsProperties"/>
  <system-out/>
  <testcase name="createforms" time="8.146" classname="Projects.FormsProperties"/>
  <system-out/>
  <testcase name="redirectedurl" time="0.024" classname="Projects.FormsProperties"/>
  <system-out/>
  <testcase name="formstitle" time="0.063" classname="Projects.FormsProperties"/>
  <system-out/>
  <testcase name="formtitle" time="5.153" classname="Projects.FormsProperties"/>
  <system-out/>
  <testcase name="createQuestion1" time="6.207" classname="Projects.FormsProperties"/>
  <system-out/>
</testsuite> <!-- Projects.FormsProperties -->
