<?xml version="1.0" encoding="UTF-8"?>
<!-- Generated by org.testng.reporters.JUnitReportReporter -->
<testsuite skipped="0" hostname="LAPTOP-TKGHDD60" name="Login.LoginInvalid" tests="2" failures="0" timestamp="2022-02-19T20:54:46 IST" time="14.804" errors="0">
  <testcase name="wrongpassword" time="9.455" classname="Login.LoginInvalid"/>
  <system-out/>
  <testcase name="EnterWrongemailid" time="5.349" classname="Login.LoginInvalid"/>
  <system-out/>
</testsuite> <!-- Login.LoginInvalid -->
