<?xml version="1.0" encoding="UTF-8"?>
<!-- Generated by org.testng.reporters.JUnitReportReporter -->
<testsuite skipped="0" hostname="LAPTOP-TKGHDD60" name="Projects.ProjectProperties" tests="20" failures="0" timestamp="2022-02-20T20:04:27 IST" time="57.564" errors="0">
  <testcase name="fetchprojecttitle" time="16.302" classname="Projects.ProjectProperties"/>
  <system-out>
User ented the email id details succefully User clicks Login button succefully User entered the passowrd succefully User clicks the next button  </system-out>
  <testcase name="ClickProject" time="0.224" classname="Projects.ProjectProperties"/>
  <system-out/>
  <testcase name="getProjectClassification" time="0.318" classname="Projects.ProjectProperties"/>
  <system-out/>
  <testcase name="getProjectDetailsContent" time="5.123" classname="Projects.ProjectProperties"/>
  <system-out/>
  <testcase name="closeProjectDetailsContent" time="0.083" classname="Projects.ProjectProperties"/>
  <system-out/>
  <testcase name="ClickStrategyTab" time="0.177" classname="Projects.ProjectProperties"/>
  <system-out/>
  <testcase name="gettitleofpage" time="0.027" classname="Projects.ProjectProperties"/>
  <system-out/>
  <testcase name="ClickCreateStragey" time="5.167" classname="Projects.ProjectProperties"/>
  <system-out/>
  <testcase name="verifyCreateStrategypopupDetails" time="0.068" classname="Projects.ProjectProperties"/>
  <system-out/>
  <testcase name="HelpTextofCreateStrategy" time="0.046" classname="Projects.ProjectProperties"/>
  <system-out/>
  <testcase name="VerifyHelpText" time="0.044" classname="Projects.ProjectProperties"/>
  <system-out/>
  <testcase name="TitleLabel_exists" time="0.055" classname="Projects.ProjectProperties"/>
  <system-out/>
  <testcase name="ProblemStatement_exists" time="0.045" classname="Projects.ProjectProperties"/>
  <system-out/>
  <testcase name="enterTitleofStrategy" time="4.124" classname="Projects.ProjectProperties"/>
  <system-out/>
  <testcase name="enterProblemStatements" time="0.263" classname="Projects.ProjectProperties"/>
  <system-out/>
  <testcase name="ClickCreateStargeyDoneButton" time="5.119" classname="Projects.ProjectProperties"/>
  <system-out/>
  <testcase name="DeleteStargeyMenu" time="4.089" classname="Projects.ProjectProperties"/>
  <system-out/>
  <testcase name="DeleteStragey" time="4.126" classname="Projects.ProjectProperties"/>
  <system-out/>
  <testcase name="DeleteConfirmmessage" time="5.060" classname="Projects.ProjectProperties"/>
  <system-out/>
  <testcase name="Deleteaction" time="7.104" classname="Projects.ProjectProperties"/>
  <system-out/>
</testsuite> <!-- Projects.ProjectProperties -->
