<?xml version="1.0" encoding="UTF-8"?>
<!-- Generated by org.testng.reporters.JUnitReportReporter -->
<testsuite skipped="0" hostname="LAPTOP-TKGHDD60" name="NewUserSiteNavigation.newusernavigation" tests="8" failures="0" timestamp="2022-03-20T00:27:04 IST" time="25.280" errors="0">
  <testcase name="logintoSite" time="10.573" classname="NewUserSiteNavigation.newusernavigation"/>
  <system-out/>
  <testcase name="checkDisplayName" time="0.089" classname="NewUserSiteNavigation.newusernavigation"/>
  <system-out/>
  <testcase name="getNotifications" time="6.167" classname="NewUserSiteNavigation.newusernavigation"/>
  <system-out/>
  <testcase name="readNotification" time="0.060" classname="NewUserSiteNavigation.newusernavigation"/>
  <system-out/>
  <testcase name="seeAllnotifications" time="0.139" classname="NewUserSiteNavigation.newusernavigation"/>
  <system-out/>
  <testcase name="redirectedURL" time="0.051" classname="NewUserSiteNavigation.newusernavigation"/>
  <system-out/>
  <testcase name="titleofwindow" time="0.063" classname="NewUserSiteNavigation.newusernavigation"/>
  <system-out/>
  <testcase name="clickArtemisLogo" time="8.138" classname="NewUserSiteNavigation.newusernavigation"/>
  <system-out/>
</testsuite> <!-- NewUserSiteNavigation.newusernavigation -->
