<?xml version="1.0" encoding="UTF-8"?>
<!-- Generated by org.testng.reporters.JUnitReportReporter -->
<testsuite skipped="0" hostname="LAPTOP-TKGHDD60" name="Login.LoginInvalid" tests="2" failures="0" timestamp="2022-02-13T22:30:28 IST" time="14.697" errors="0">
  <testcase name="wrongpassword" time="9.372" classname="Login.LoginInvalid"/>
  <system-out/>
  <testcase name="EnterWrongemailid" time="5.325" classname="Login.LoginInvalid"/>
  <system-out/>
</testsuite> <!-- Login.LoginInvalid -->
