<?xml version="1.0" encoding="UTF-8"?>
<!-- Generated by org.testng.reporters.JUnitReportReporter -->
<testsuite skipped="0" hostname="LAPTOP-TKGHDD60" name="Projects.FormsProperties" tests="8" failures="0" timestamp="2022-02-19T23:40:39 IST" time="51.538" errors="0">
  <testcase name="NavigatetoProjectDetailsPage" time="29.487" classname="Projects.FormsProperties"/>
  <system-out/>
  <testcase name="NavigatetoFormsTab" time="0.142" classname="Projects.FormsProperties"/>
  <system-out/>
  <testcase name="formspagetitle" time="0.068" classname="Projects.FormsProperties"/>
  <system-out/>
  <testcase name="createforms" time="8.166" classname="Projects.FormsProperties"/>
  <system-out/>
  <testcase name="redirectedurl" time="0.052" classname="Projects.FormsProperties"/>
  <system-out/>
  <testcase name="formstitle" time="0.080" classname="Projects.FormsProperties"/>
  <system-out/>
  <testcase name="formtitle" time="13.309" classname="Projects.FormsProperties"/>
  <system-out/>
  <testcase name="createQuestion1" time="0.234" classname="Projects.FormsProperties"/>
  <system-out/>
</testsuite> <!-- Projects.FormsProperties -->
