<?xml version="1.0" encoding="UTF-8"?>
<!-- Generated by org.testng.reporters.JUnitReportReporter -->
<testsuite skipped="0" hostname="LAPTOP-TKGHDD60" name="Onboardingnewclient.SingupNewUser" tests="3" failures="0" timestamp="2022-03-19T22:46:47 IST" time="0.249" errors="0">
  <testcase name="VerifySignupLinkisavailable" time="0.075" classname="Onboardingnewclient.SingupNewUser"/>
  <system-out/>
  <testcase name="clickSignuplink" time="0.120" classname="Onboardingnewclient.SingupNewUser"/>
  <system-out/>
  <testcase name="verifyTitleofsignup" time="0.054" classname="Onboardingnewclient.SingupNewUser"/>
  <system-out/>
</testsuite> <!-- Onboardingnewclient.SingupNewUser -->
