<?xml version="1.0" encoding="UTF-8"?>
<!-- Generated by org.testng.reporters.JUnitReportReporter -->
<testsuite skipped="0" hostname="LAPTOP-TKGHDD60" name="Forms.FormsProperties" tests="10" failures="0" timestamp="2022-02-20T20:04:27 IST" time="74.128" errors="0">
  <testcase name="NavigatetoProjectDetailsPage" time="22.014" classname="Forms.FormsProperties"/>
  <system-out>
User ented the email id details succefully User clicks Login button succefully User entered the passowrd succefully User clicks the next button  </system-out>
  <testcase name="NavigatetoFormsTab" time="0.125" classname="Forms.FormsProperties"/>
  <system-out/>
  <testcase name="formspagetitle" time="0.063" classname="Forms.FormsProperties"/>
  <system-out/>
  <testcase name="createforms" time="8.164" classname="Forms.FormsProperties"/>
  <system-out/>
  <testcase name="redirectedurl" time="0.034" classname="Forms.FormsProperties"/>
  <system-out/>
  <testcase name="formstitle" time="0.063" classname="Forms.FormsProperties"/>
  <system-out/>
  <testcase name="formtitle" time="5.174" classname="Forms.FormsProperties"/>
  <system-out/>
  <testcase name="createQuestion1" time="13.238" classname="Forms.FormsProperties"/>
  <system-out/>
  <testcase name="additionalquestions" time="18.387" classname="Forms.FormsProperties"/>
  <system-out/>
  <testcase name="PublishForm" time="6.866" classname="Forms.FormsProperties"/>
  <system-out/>
</testsuite> <!-- Forms.FormsProperties -->
