<?xml version="1.0" encoding="UTF-8"?>
<!-- Generated by org.testng.reporters.JUnitReportReporter -->
<testsuite skipped="0" hostname="LAPTOP-TKGHDD60" name="Onboardingnewclient.SettingsPage" tests="3" failures="0" timestamp="2022-02-20T12:17:07 IST" time="14.221" errors="0">
  <testcase name="NavigatetoSettingsPage" time="13.883" classname="Onboardingnewclient.SettingsPage"/>
  <system-out/>
  <testcase name="click_SettingsTab" time="0.230" classname="Onboardingnewclient.SettingsPage"/>
  <system-out/>
  <testcase name="AccountsTab_exists" time="0.108" classname="Onboardingnewclient.SettingsPage"/>
  <system-out/>
</testsuite> <!-- Onboardingnewclient.SettingsPage -->
