<?xml version="1.0" encoding="UTF-8"?>
<!-- Generated by org.testng.reporters.JUnitReportReporter -->
<testsuite skipped="0" hostname="LAPTOP-TKGHDD60" name="Onboardingnewclient.OnBoardingArtemis" tests="16" failures="0" timestamp="2022-03-20T00:27:04 IST" time="31.759" errors="0">
  <testcase name="LaunchURL" time="1.871" classname="Onboardingnewclient.OnBoardingArtemis"/>
  <system-out/>
  <testcase name="LoginErrorMessage_Wrongemailformat" time="4.828" classname="Onboardingnewclient.OnBoardingArtemis"/>
  <system-out/>
  <testcase name="LoginAction" time="4.412" classname="Onboardingnewclient.OnBoardingArtemis"/>
  <system-out/>
  <testcase name="HomePageTitle" time="0.043" classname="Onboardingnewclient.OnBoardingArtemis"/>
  <system-out/>
  <testcase name="UserNameDisplay" time="4.870" classname="Onboardingnewclient.OnBoardingArtemis"/>
  <system-out/>
  <testcase name="isCreateNewButtonPresent" time="0.079" classname="Onboardingnewclient.OnBoardingArtemis"/>
  <system-out/>
  <testcase name="isCreateNewButtonEnabled" time="0.053" classname="Onboardingnewclient.OnBoardingArtemis"/>
  <system-out/>
  <testcase name="ClickCreatenewproject" time="0.402" classname="Onboardingnewclient.OnBoardingArtemis"/>
  <system-out/>
  <testcase name="ClickCancelProjectDialog" time="5.746" classname="Onboardingnewclient.OnBoardingArtemis"/>
  <system-out/>
  <testcase name="LogoutAction" time="4.767" classname="Onboardingnewclient.OnBoardingArtemis"/>
  <system-out/>
  <testcase name="Setting_is_Present" time="0.148" classname="Onboardingnewclient.OnBoardingArtemis"/>
  <system-out/>
  <testcase name="Settings_is_Clickable" time="0.073" classname="Onboardingnewclient.OnBoardingArtemis"/>
  <system-out/>
  <testcase name="Settings_Navigations_Popup" time="4.149" classname="Onboardingnewclient.OnBoardingArtemis"/>
  <system-out/>
  <testcase name="Logout_Click" time="0.122" classname="Onboardingnewclient.OnBoardingArtemis"/>
  <system-out/>
  <testcase name="Logout_Confirmation" time="0.053" classname="Onboardingnewclient.OnBoardingArtemis"/>
  <system-out/>
  <testcase name="Logout_click" time="0.143" classname="Onboardingnewclient.OnBoardingArtemis"/>
  <system-out/>
</testsuite> <!-- Onboardingnewclient.OnBoardingArtemis -->
