<?xml version="1.0" encoding="UTF-8"?>
<!-- Generated by org.testng.reporters.JUnitReportReporter -->
<testsuite skipped="0" hostname="LAPTOP-TKGHDD60" name="Login.LoginInvalidAndForgotPassword" tests="10" failures="0" timestamp="2022-03-19T23:12:33 IST" time="40.441" errors="0">
  <testcase name="wrongpassword" time="9.454" classname="Login.LoginInvalidAndForgotPassword"/>
  <system-out/>
  <testcase name="EnterWrongemailid" time="5.312" classname="Login.LoginInvalidAndForgotPassword"/>
  <system-out/>
  <testcase name="LaunchURL" time="0.634" classname="Login.LoginInvalidAndForgotPassword"/>
  <system-out/>
  <testcase name="checklabelsinLoginPage" time="0.047" classname="Login.LoginInvalidAndForgotPassword"/>
  <system-out/>
  <testcase name="navigatetoforgotpasswordpage" time="8.342" classname="Login.LoginInvalidAndForgotPassword"/>
  <system-out/>
  <testcase name="CheckForgotpasswordlink_exists" time="0.080" classname="Login.LoginInvalidAndForgotPassword"/>
  <system-out/>
  <testcase name="ClickForgotpasswordlink" time="6.121" classname="Login.LoginInvalidAndForgotPassword"/>
  <system-out/>
  <testcase name="userinputemail" time="5.240" classname="Login.LoginInvalidAndForgotPassword"/>
  <system-out/>
  <testcase name="recoveryhelptext" time="0.076" classname="Login.LoginInvalidAndForgotPassword"/>
  <system-out/>
  <testcase name="clickcontinuelogin" time="5.135" classname="Login.LoginInvalidAndForgotPassword"/>
  <system-out/>
</testsuite> <!-- Login.LoginInvalidAndForgotPassword -->
