<?xml version="1.0" encoding="UTF-8"?>
<!-- Generated by org.testng.reporters.JUnitReportReporter -->
<testsuite skipped="0" hostname="LAPTOP-TKGHDD60" name="Onboardingnewclient.SettingsPage" tests="3" failures="0" timestamp="2022-02-20T20:04:27 IST" time="14.663" errors="0">
  <testcase name="NavigatetoSettingsPage" time="14.283" classname="Onboardingnewclient.SettingsPage"/>
  <system-out>
User ented the email id details succefully User clicks Login button succefully User entered the passowrd succefully User clicks the next button  </system-out>
  <testcase name="click_SettingsTab" time="0.238" classname="Onboardingnewclient.SettingsPage"/>
  <system-out/>
  <testcase name="AccountsTab_exists" time="0.142" classname="Onboardingnewclient.SettingsPage"/>
  <system-out/>
</testsuite> <!-- Onboardingnewclient.SettingsPage -->
