<?xml version="1.0" encoding="UTF-8"?>
<!-- Generated by org.testng.reporters.JUnitReportReporter -->
<testsuite skipped="0" hostname="LAPTOP-TKGHDD60" name="Login.LoginInvalidAndForgotPassword" tests="2" failures="0" timestamp="2022-02-20T14:47:42 IST" time="14.777" errors="0">
  <testcase name="wrongpassword" time="9.447" classname="Login.LoginInvalidAndForgotPassword"/>
  <system-out/>
  <testcase name="EnterWrongemailid" time="5.330" classname="Login.LoginInvalidAndForgotPassword"/>
  <system-out/>
</testsuite> <!-- Login.LoginInvalidAndForgotPassword -->
