<?xml version="1.0" encoding="UTF-8"?>
<!-- Generated by org.testng.reporters.JUnitReportReporter -->
<testsuite skipped="0" hostname="LAPTOP-TKGHDD60" name="Login.LoginInvalidAndForgotPassword" tests="10" failures="0" timestamp="2022-03-19T23:47:41 IST" time="40.473" errors="0">
  <testcase name="EnterWrongemailid" time="5.313" classname="Login.LoginInvalidAndForgotPassword"/>
  <system-out/>
  <testcase name="wrongpassword" time="9.421" classname="Login.LoginInvalidAndForgotPassword"/>
  <system-out/>
  <testcase name="LaunchURL" time="0.644" classname="Login.LoginInvalidAndForgotPassword"/>
  <system-out/>
  <testcase name="checklabelsinLoginPage" time="0.040" classname="Login.LoginInvalidAndForgotPassword"/>
  <system-out/>
  <testcase name="navigatetoforgotpasswordpage" time="8.332" classname="Login.LoginInvalidAndForgotPassword"/>
  <system-out/>
  <testcase name="CheckForgotpasswordlink_exists" time="0.082" classname="Login.LoginInvalidAndForgotPassword"/>
  <system-out/>
  <testcase name="ClickForgotpasswordlink" time="6.139" classname="Login.LoginInvalidAndForgotPassword"/>
  <system-out/>
  <testcase name="userinputemail" time="5.256" classname="Login.LoginInvalidAndForgotPassword"/>
  <system-out/>
  <testcase name="recoveryhelptext" time="0.098" classname="Login.LoginInvalidAndForgotPassword"/>
  <system-out/>
  <testcase name="clickcontinuelogin" time="5.148" classname="Login.LoginInvalidAndForgotPassword"/>
  <system-out/>
</testsuite> <!-- Login.LoginInvalidAndForgotPassword -->
