<?xml version="1.0" encoding="UTF-8"?>
<!-- Generated by org.testng.reporters.JUnitReportReporter -->
<testsuite skipped="0" hostname="LAPTOP-TKGHDD60" name="Onboardingnewclient.SettingsPage" tests="3" failures="0" timestamp="2022-04-07T13:01:40 IST" time="16.304" errors="0">
  <testcase name="NavigatetoSettingsPage" time="15.990" classname="Onboardingnewclient.SettingsPage"/>
  <system-out>
User ented the email id details succefully User clicks Login button succefully User entered the passowrd succefully User clicks the next button  </system-out>
  <testcase name="click_SettingsTab" time="0.206" classname="Onboardingnewclient.SettingsPage"/>
  <system-out/>
  <testcase name="AccountsTab_exists" time="0.108" classname="Onboardingnewclient.SettingsPage"/>
  <system-out/>
</testsuite> <!-- Onboardingnewclient.SettingsPage -->
