<?xml version="1.0" encoding="UTF-8"?>
<!-- Generated by org.testng.reporters.JUnitReportReporter -->
<testsuite skipped="0" hostname="LAPTOP-TKGHDD60" name="Onboardingnewclient.OnBoardingArtemis" tests="16" failures="0" timestamp="2022-02-20T12:17:07 IST" time="31.130" errors="0">
  <testcase name="LaunchURL" time="2.204" classname="Onboardingnewclient.OnBoardingArtemis"/>
  <system-out/>
  <testcase name="LoginErrorMessage_Wrongemailformat" time="4.767" classname="Onboardingnewclient.OnBoardingArtemis"/>
  <system-out/>
  <testcase name="LoginAction" time="4.375" classname="Onboardingnewclient.OnBoardingArtemis"/>
  <system-out/>
  <testcase name="HomePageTitle" time="0.005" classname="Onboardingnewclient.OnBoardingArtemis"/>
  <system-out/>
  <testcase name="UserNameDisplay" time="6.442" classname="Onboardingnewclient.OnBoardingArtemis"/>
  <system-out/>
  <testcase name="isCreateNewButtonPresent" time="0.033" classname="Onboardingnewclient.OnBoardingArtemis"/>
  <system-out/>
  <testcase name="isCreateNewButtonEnabled" time="0.018" classname="Onboardingnewclient.OnBoardingArtemis"/>
  <system-out/>
  <testcase name="ClickCreatenewproject" time="0.296" classname="Onboardingnewclient.OnBoardingArtemis"/>
  <system-out/>
  <testcase name="ClickCancelProjectDialog" time="4.192" classname="Onboardingnewclient.OnBoardingArtemis"/>
  <system-out/>
  <testcase name="LogoutAction" time="4.309" classname="Onboardingnewclient.OnBoardingArtemis"/>
  <system-out/>
  <testcase name="Setting_is_Present" time="0.053" classname="Onboardingnewclient.OnBoardingArtemis"/>
  <system-out/>
  <testcase name="Settings_is_Clickable" time="0.027" classname="Onboardingnewclient.OnBoardingArtemis"/>
  <system-out/>
  <testcase name="Settings_Navigations_Popup" time="4.172" classname="Onboardingnewclient.OnBoardingArtemis"/>
  <system-out/>
  <testcase name="Logout_Click" time="0.098" classname="Onboardingnewclient.OnBoardingArtemis"/>
  <system-out/>
  <testcase name="Logout_Confirmation" time="0.036" classname="Onboardingnewclient.OnBoardingArtemis"/>
  <system-out/>
  <testcase name="Logout_click" time="0.103" classname="Onboardingnewclient.OnBoardingArtemis"/>
  <system-out/>
</testsuite> <!-- Onboardingnewclient.OnBoardingArtemis -->
