<?xml version="1.0" encoding="UTF-8"?>
<!-- Generated by org.testng.reporters.JUnitReportReporter -->
<testsuite skipped="0" hostname="LAPTOP-TKGHDD60" name="NewUserSiteNavigation.newusernavigation" tests="1" failures="0" timestamp="2022-03-19T23:47:41 IST" time="10.644" errors="0">
  <testcase name="logintoSite" time="10.644" classname="NewUserSiteNavigation.newusernavigation"/>
  <system-out/>
</testsuite> <!-- NewUserSiteNavigation.newusernavigation -->
