<?xml version="1.0" encoding="UTF-8"?>
<!-- Generated by org.testng.reporters.JUnitReportReporter -->
<testsuite skipped="0" hostname="LAPTOP-TKGHDD60" name="Onboardingnewclient.OnBoardingArtemis" tests="16" failures="0" timestamp="2022-02-20T20:04:27 IST" time="32.254" errors="0">
  <testcase name="LaunchURL" time="2.591" classname="Onboardingnewclient.OnBoardingArtemis"/>
  <system-out/>
  <testcase name="LoginErrorMessage_Wrongemailformat" time="4.824" classname="Onboardingnewclient.OnBoardingArtemis"/>
  <system-out/>
  <testcase name="LoginAction" time="4.387" classname="Onboardingnewclient.OnBoardingArtemis"/>
  <system-out/>
  <testcase name="HomePageTitle" time="0.006" classname="Onboardingnewclient.OnBoardingArtemis"/>
  <system-out/>
  <testcase name="UserNameDisplay" time="6.065" classname="Onboardingnewclient.OnBoardingArtemis"/>
  <system-out/>
  <testcase name="isCreateNewButtonPresent" time="0.038" classname="Onboardingnewclient.OnBoardingArtemis"/>
  <system-out/>
  <testcase name="isCreateNewButtonEnabled" time="0.017" classname="Onboardingnewclient.OnBoardingArtemis"/>
  <system-out/>
  <testcase name="ClickCreatenewproject" time="0.332" classname="Onboardingnewclient.OnBoardingArtemis"/>
  <system-out/>
  <testcase name="ClickCancelProjectDialog" time="5.357" classname="Onboardingnewclient.OnBoardingArtemis"/>
  <system-out/>
  <testcase name="LogoutAction" time="4.169" classname="Onboardingnewclient.OnBoardingArtemis"/>
  <system-out/>
  <testcase name="Setting_is_Present" time="0.057" classname="Onboardingnewclient.OnBoardingArtemis"/>
  <system-out/>
  <testcase name="Settings_is_Clickable" time="0.024" classname="Onboardingnewclient.OnBoardingArtemis"/>
  <system-out/>
  <testcase name="Settings_Navigations_Popup" time="4.124" classname="Onboardingnewclient.OnBoardingArtemis"/>
  <system-out/>
  <testcase name="Logout_Click" time="0.116" classname="Onboardingnewclient.OnBoardingArtemis"/>
  <system-out/>
  <testcase name="Logout_Confirmation" time="0.031" classname="Onboardingnewclient.OnBoardingArtemis"/>
  <system-out/>
  <testcase name="Logout_click" time="0.116" classname="Onboardingnewclient.OnBoardingArtemis"/>
  <system-out/>
</testsuite> <!-- Onboardingnewclient.OnBoardingArtemis -->
