<?xml version="1.0" encoding="UTF-8"?>
<!-- Generated by org.testng.reporters.JUnitReportReporter -->
<testsuite skipped="0" hostname="LAPTOP-TKGHDD60" name="Login.Login_Test" tests="3" failures="0" timestamp="2022-02-20T20:04:27 IST" time="6.897" errors="0">
  <testcase name="Login_HomePage" time="0.051" classname="Login.Login_Test"/>
  <system-out>
Fetch the title of the page Verify the title of the page is Artemis Accounts Portal  </system-out>
  <testcase name="LogintoApp" time="6.799" classname="Login.Login_Test"/>
  <system-out>
User ented the email id details succefully User clicks Login button succefully User entered the passowrd succefully User clicks the next button  </system-out>
  <testcase name="Loginsuccesful" time="0.047" classname="Login.Login_Test"/>
  <system-out>
User able to login succefully  </system-out>
</testsuite> <!-- Login.Login_Test -->
