<?xml version="1.0" encoding="UTF-8"?>
<!-- Generated by org.testng.reporters.JUnitReportReporter -->
<testsuite skipped="0" hostname="LAPTOP-TKGHDD60" name="Projects.ProjectProperties" tests="20" failures="0" timestamp="2022-04-07T13:01:40 IST" time="65.503" errors="0">
  <testcase name="fetchprojecttitle" time="18.397" classname="Projects.ProjectProperties"/>
  <system-out>
User ented the email id details succefully User clicks Login button succefully User entered the passowrd succefully User clicks the next button  </system-out>
  <testcase name="ClickProject" time="0.127" classname="Projects.ProjectProperties"/>
  <system-out/>
  <testcase name="getProjectClassification" time="0.405" classname="Projects.ProjectProperties"/>
  <system-out/>
  <testcase name="getProjectDetailsContent" time="5.128" classname="Projects.ProjectProperties"/>
  <system-out/>
  <testcase name="closeProjectDetailsContent" time="0.078" classname="Projects.ProjectProperties"/>
  <system-out/>
  <testcase name="ClickStrategyTab" time="0.107" classname="Projects.ProjectProperties"/>
  <system-out/>
  <testcase name="gettitleofpage" time="0.023" classname="Projects.ProjectProperties"/>
  <system-out/>
  <testcase name="ClickCreateStragey" time="5.184" classname="Projects.ProjectProperties"/>
  <system-out/>
  <testcase name="verifyCreateStrategypopupDetails" time="0.052" classname="Projects.ProjectProperties"/>
  <system-out/>
  <testcase name="HelpTextofCreateStrategy" time="0.046" classname="Projects.ProjectProperties"/>
  <system-out/>
  <testcase name="VerifyHelpText" time="0.057" classname="Projects.ProjectProperties"/>
  <system-out/>
  <testcase name="TitleLabel_exists" time="0.046" classname="Projects.ProjectProperties"/>
  <system-out/>
  <testcase name="ProblemStatement_exists" time="5.048" classname="Projects.ProjectProperties"/>
  <system-out/>
  <testcase name="enterTitleofStrategy" time="0.127" classname="Projects.ProjectProperties"/>
  <system-out/>
  <testcase name="enterProblemStatements" time="5.144" classname="Projects.ProjectProperties"/>
  <system-out/>
  <testcase name="ClickCreateStargeyDoneButton" time="5.148" classname="Projects.ProjectProperties"/>
  <system-out/>
  <testcase name="DeleteStragey" time="4.134" classname="Projects.ProjectProperties"/>
  <system-out/>
  <testcase name="DeleteStargeyMenu" time="4.099" classname="Projects.ProjectProperties"/>
  <system-out/>
  <testcase name="DeleteConfirmmessage" time="5.054" classname="Projects.ProjectProperties"/>
  <system-out/>
  <testcase name="Deleteaction" time="7.099" classname="Projects.ProjectProperties"/>
  <system-out/>
</testsuite> <!-- Projects.ProjectProperties -->
