<?xml version="1.0" encoding="UTF-8"?>
<!-- Generated by org.testng.reporters.JUnitReportReporter -->
<testsuite skipped="0" hostname="LAPTOP-TKGHDD60" name="Onboardingnewclient.ForgotPassword" tests="8" failures="0" timestamp="2022-02-20T12:17:07 IST" time="25.667" errors="0">
  <testcase name="LaunchURL" time="0.842" classname="Onboardingnewclient.ForgotPassword"/>
  <system-out/>
  <testcase name="checklabelsinLoginPage" time="0.022" classname="Onboardingnewclient.ForgotPassword"/>
  <system-out/>
  <testcase name="navigatetoforgotpasswordpage" time="8.322" classname="Onboardingnewclient.ForgotPassword"/>
  <system-out/>
  <testcase name="CheckForgotpasswordlink_exists" time="0.058" classname="Onboardingnewclient.ForgotPassword"/>
  <system-out/>
  <testcase name="ClickForgotpasswordlink" time="6.067" classname="Onboardingnewclient.ForgotPassword"/>
  <system-out/>
  <testcase name="userinputemail" time="5.219" classname="Onboardingnewclient.ForgotPassword"/>
  <system-out/>
  <testcase name="recoveryhelptext" time="0.034" classname="Onboardingnewclient.ForgotPassword"/>
  <system-out/>
  <testcase name="clickcontinuelogin" time="5.103" classname="Onboardingnewclient.ForgotPassword"/>
  <system-out/>
</testsuite> <!-- Onboardingnewclient.ForgotPassword -->
